2025-08-03T14:08:59.685982631Z [2025-08-03 14:08:59.685][7][info][main] [external/envoy/source/server/server.cc:436] initializing epoch 0 (base id=0, hot restart version=11.104)
2025-08-03T14:08:59.686054907Z [2025-08-03 14:08:59.685][7][info][main] [external/envoy/source/server/server.cc:438] statically linked extensions:
2025-08-03T14:08:59.686071594Z [2025-08-03 14:08:59.685][7][info][main] [external/envoy/source/server/server.cc:440]   envoy.filters.listener: cilium.bpf_metadata, envoy.filters.listener.http_inspector, envoy.filters.listener.local_ratelimit, envoy.filters.listener.proxy_protocol, envoy.filters.listener.tls_inspector, envoy.listener.http_inspector, envoy.listener.proxy_protocol, envoy.listener.tls_inspector
2025-08-03T14:08:59.686093998Z [2025-08-03 14:08:59.685][7][info][main] [external/envoy/source/server/server.cc:440]   envoy.config_mux: envoy.config_mux.delta_grpc_mux_factory, envoy.config_mux.grpc_mux_factory, envoy.config_mux.new_grpc_mux_factory, envoy.config_mux.sotw_grpc_mux_factory
2025-08-03T14:08:59.686106215Z [2025-08-03 14:08:59.685][7][info][main] [external/envoy/source/server/server.cc:440]   envoy.rate_limit_descriptors: envoy.rate_limit_descriptors.expr
2025-08-03T14:08:59.686119863Z [2025-08-03 14:08:59.685][7][info][main] [external/envoy/source/server/server.cc:440]   envoy.http.original_ip_detection: envoy.http.original_ip_detection.xff
2025-08-03T14:08:59.686133336Z [2025-08-03 14:08:59.685][7][info][main] [external/envoy/source/server/server.cc:440]   envoy.upstream.local_address_selector: envoy.upstream.local_address_selector.default_local_address_selector
2025-08-03T14:08:59.686146441Z [2025-08-03 14:08:59.685][7][info][main] [external/envoy/source/server/server.cc:440]   envoy.bootstrap: envoy.bootstrap.internal_listener, envoy.bootstrap.wasm, envoy.extensions.network.socket_interface.default_socket_interface
2025-08-03T14:08:59.686160121Z [2025-08-03 14:08:59.685][7][info][main] [external/envoy/source/server/server.cc:440]   envoy.stats_sinks: envoy.metrics_service, envoy.open_telemetry_stat_sink, envoy.stat_sinks.metrics_service, envoy.stat_sinks.open_telemetry, envoy.stat_sinks.wasm
2025-08-03T14:08:59.686173300Z [2025-08-03 14:08:59.685][7][info][main] [external/envoy/source/server/server.cc:440]   envoy.filters.http.upstream: cilium.l7policy, envoy.filters.http.match_delegate, envoy.filters.http.upstream_codec, envoy.filters.http.wasm
2025-08-03T14:08:59.686185869Z [2025-08-03 14:08:59.685][7][info][main] [external/envoy/source/server/server.cc:440]   envoy.transport_sockets.downstream: cilium.tls_wrapper, envoy.transport_sockets.quic, envoy.transport_sockets.raw_buffer, envoy.transport_sockets.tls, raw_buffer, tls
2025-08-03T14:08:59.686197294Z [2025-08-03 14:08:59.685][7][info][main] [external/envoy/source/server/server.cc:440]   envoy.rbac.matchers: envoy.rbac.matchers.upstream_ip_port
2025-08-03T14:08:59.686208320Z [2025-08-03 14:08:59.685][7][info][main] [external/envoy/source/server/server.cc:440]   envoy.clusters: envoy.cluster.dns, envoy.cluster.eds, envoy.cluster.logical_dns, envoy.cluster.original_dst, envoy.cluster.static, envoy.cluster.strict_dns, envoy.clusters.dynamic_forward_proxy
2025-08-03T14:08:59.686222204Z [2025-08-03 14:08:59.685][7][info][main] [external/envoy/source/server/server.cc:440]   envoy.quic.connection_id_generator: envoy.quic.deterministic_connection_id_generator
2025-08-03T14:08:59.686233258Z [2025-08-03 14:08:59.685][7][info][main] [external/envoy/source/server/server.cc:440]   envoy.quic.server.crypto_stream: envoy.quic.crypto_stream.server.quiche
2025-08-03T14:08:59.686246647Z [2025-08-03 14:08:59.685][7][info][main] [external/envoy/source/server/server.cc:440]   envoy.upstreams: envoy.filters.connection_pools.tcp.generic
2025-08-03T14:08:59.686258926Z [2025-08-03 14:08:59.685][7][info][main] [external/envoy/source/server/server.cc:440]   envoy.filters.udp.session: envoy.filters.udp.session.dynamic_forward_proxy, envoy.filters.udp.session.http_capsule
2025-08-03T14:08:59.686291634Z [2025-08-03 14:08:59.685][7][info][main] [external/envoy/source/server/server.cc:440]   envoy.filters.udp_listener: cilium.bpf_metadata, envoy.filters.udp_listener.udp_proxy
2025-08-03T14:08:59.686304183Z [2025-08-03 14:08:59.685][7][info][main] [external/envoy/source/server/server.cc:440]   envoy.http.early_header_mutation: envoy.http.early_header_mutation.header_mutation
2025-08-03T14:08:59.686366607Z [2025-08-03 14:08:59.685][7][info][main] [external/envoy/source/server/server.cc:440]   envoy.config_subscription: envoy.config_subscription.ads, envoy.config_subscription.ads_collection, envoy.config_subscription.aggregated_grpc_collection, envoy.config_subscription.delta_grpc, envoy.config_subscription.delta_grpc_collection, envoy.config_subscription.filesystem, envoy.config_subscription.filesystem_collection, envoy.config_subscription.grpc
2025-08-03T14:08:59.686400471Z [2025-08-03 14:08:59.685][7][info][main] [external/envoy/source/server/server.cc:440]   envoy.connection_handler: envoy.connection_handler.default
2025-08-03T14:08:59.686415396Z [2025-08-03 14:08:59.685][7][info][main] [external/envoy/source/server/server.cc:440]   envoy.http.header_validators: envoy.http.header_validators.envoy_default
2025-08-03T14:08:59.686427588Z [2025-08-03 14:08:59.685][7][info][main] [external/envoy/source/server/server.cc:440]   envoy.path.match: envoy.path.match.uri_template.uri_template_matcher
2025-08-03T14:08:59.686438222Z [2025-08-03 14:08:59.685][7][info][main] [external/envoy/source/server/server.cc:440]   envoy.grpc_credentials: envoy.grpc_credentials.default
2025-08-03T14:08:59.686452031Z [2025-08-03 14:08:59.685][7][info][main] [external/envoy/source/server/server.cc:440]   envoy.path.rewrite: envoy.path.rewrite.uri_template.uri_template_rewriter
2025-08-03T14:08:59.686462570Z [2025-08-03 14:08:59.685][7][info][main] [external/envoy/source/server/server.cc:440]   envoy.resolvers: envoy.ip
2025-08-03T14:08:59.686474013Z [2025-08-03 14:08:59.685][7][info][main] [external/envoy/source/server/server.cc:440]   envoy.matching.action: rate_limit_quota
2025-08-03T14:08:59.686486584Z [2025-08-03 14:08:59.685][7][info][main] [external/envoy/source/server/server.cc:440]   envoy.guarddog_actions: envoy.watchdog.abort_action
2025-08-03T14:08:59.686499770Z [2025-08-03 14:08:59.685][7][info][main] [external/envoy/source/server/server.cc:440]   envoy.upstream_options: envoy.extensions.upstreams.http.v3.HttpProtocolOptions, envoy.extensions.upstreams.tcp.v3.TcpProtocolOptions, envoy.upstreams.http.http_protocol_options, envoy.upstreams.tcp.tcp_protocol_options
2025-08-03T14:08:59.686512251Z [2025-08-03 14:08:59.685][7][info][main] [external/envoy/source/server/server.cc:440]   envoy.srds_factory: envoy.srds_factory.default
2025-08-03T14:08:59.686524717Z [2025-08-03 14:08:59.686][7][info][main] [external/envoy/source/server/server.cc:440]   envoy.thrift_proxy.transports: auto, framed, header, unframed
2025-08-03T14:08:59.686557305Z [2025-08-03 14:08:59.686][7][info][main] [external/envoy/source/server/server.cc:440]   envoy.filters.network: cilium.network, cilium.network.websocket.client, cilium.network.websocket.server, envoy.ext_authz, envoy.filters.network.connection_limit, envoy.filters.network.ext_authz, envoy.filters.network.http_connection_manager, envoy.filters.network.local_ratelimit, envoy.filters.network.mongo_proxy, envoy.filters.network.mysql_proxy, envoy.filters.network.ratelimit, envoy.filters.network.rbac, envoy.filters.network.redis_proxy, envoy.filters.network.set_filter_state, envoy.filters.network.sni_cluster, envoy.filters.network.sni_dynamic_forward_proxy, envoy.filters.network.tcp_proxy, envoy.filters.network.thrift_proxy, envoy.filters.network.wasm, envoy.http_connection_manager, envoy.mongo_proxy, envoy.ratelimit, envoy.redis_proxy, envoy.tcp_proxy
2025-08-03T14:08:59.686577186Z [2025-08-03 14:08:59.686][7][info][main] [external/envoy/source/server/server.cc:440]   envoy.resource_monitors: envoy.resource_monitors.global_downstream_max_connections
2025-08-03T14:08:59.686606135Z [2025-08-03 14:08:59.686][7][info][main] [external/envoy/source/server/server.cc:440]   envoy.load_balancing_policies: envoy.load_balancing_policies.client_side_weighted_round_robin, envoy.load_balancing_policies.cluster_provided, envoy.load_balancing_policies.least_request, envoy.load_balancing_policies.maglev, envoy.load_balancing_policies.random, envoy.load_balancing_policies.ring_hash, envoy.load_balancing_policies.round_robin, envoy.load_balancing_policies.subset
2025-08-03T14:08:59.686620590Z [2025-08-03 14:08:59.686][7][info][main] [external/envoy/source/server/server.cc:440]   envoy.generic_proxy.codecs: envoy.generic_proxy.codecs.dubbo, envoy.generic_proxy.codecs.http1
2025-08-03T14:08:59.686632806Z [2025-08-03 14:08:59.686][7][info][main] [external/envoy/source/server/server.cc:440]   envoy.thrift_proxy.filters: envoy.filters.thrift.router
2025-08-03T14:08:59.686645434Z [2025-08-03 14:08:59.686][7][info][main] [external/envoy/source/server/server.cc:440]   envoy.wasm.runtime: envoy.wasm.runtime.null, envoy.wasm.runtime.v8
2025-08-03T14:08:59.686659230Z [2025-08-03 14:08:59.686][7][info][main] [external/envoy/source/server/server.cc:440]   envoy.health_checkers: envoy.health_checkers.grpc, envoy.health_checkers.http, envoy.health_checkers.redis, envoy.health_checkers.tcp, envoy.health_checkers.thrift
2025-08-03T14:08:59.686673252Z [2025-08-03 14:08:59.686][7][info][main] [external/envoy/source/server/server.cc:440]   envoy.matching.network.input: envoy.matching.inputs.destination_ip, envoy.matching.inputs.destination_port, envoy.matching.inputs.direct_source_ip, envoy.matching.inputs.dns_san, envoy.matching.inputs.filter_state, envoy.matching.inputs.server_name, envoy.matching.inputs.source_ip, envoy.matching.inputs.source_port, envoy.matching.inputs.source_type, envoy.matching.inputs.subject, envoy.matching.inputs.transport_protocol, envoy.matching.inputs.uri_san
2025-08-03T14:08:59.686684657Z [2025-08-03 14:08:59.686][7][info][main] [external/envoy/source/server/server.cc:440]   envoy.request_id: envoy.request_id.uuid
2025-08-03T14:08:59.686696816Z [2025-08-03 14:08:59.686][7][info][main] [external/envoy/source/server/server.cc:440]   envoy.built_in_formatters: envoy.built_in_formatters.http.default, envoy.built_in_formatters.stream_info.default
2025-08-03T14:08:59.686707271Z [2025-08-03 14:08:59.686][7][info][main] [external/envoy/source/server/server.cc:440]   envoy.regex_engines: envoy.regex_engines.google_re2
2025-08-03T14:08:59.686720418Z [2025-08-03 14:08:59.686][7][info][main] [external/envoy/source/server/server.cc:440]   quic.http_server_connection: quic.http_server_connection.default
2025-08-03T14:08:59.686731991Z [2025-08-03 14:08:59.686][7][info][main] [external/envoy/source/server/server.cc:440]   envoy.rbac.principals: envoy.rbac.principals.mtls_authenticated
2025-08-03T14:08:59.686744835Z [2025-08-03 14:08:59.686][7][info][main] [external/envoy/source/server/server.cc:440]   envoy.matching.input_matchers: envoy.matching.matchers.cel_matcher
2025-08-03T14:08:59.686757170Z [2025-08-03 14:08:59.686][7][info][main] [external/envoy/source/server/server.cc:440]   envoy.generic_proxy.filters: envoy.filters.generic.router
2025-08-03T14:08:59.686791088Z [2025-08-03 14:08:59.686][7][info][main] [external/envoy/source/server/server.cc:440]   filter_state.object: envoy.network.application_protocols, envoy.network.transport_socket.original_dst_address, envoy.network.upstream_server_name, envoy.network.upstream_subject_alt_names, envoy.ratelimit.hits_addend, envoy.string, envoy.tcp_proxy.cluster, envoy.tcp_proxy.disable_tunneling, envoy.tcp_proxy.per_connection_idle_timeout_ms, envoy.upstream.dynamic_host, envoy.upstream.dynamic_port
2025-08-03T14:08:59.686806889Z [2025-08-03 14:08:59.686][7][info][main] [external/envoy/source/server/server.cc:440]   envoy.http.stateful_header_formatters: envoy.http.stateful_header_formatters.preserve_case, preserve_case
2025-08-03T14:08:59.686834440Z [2025-08-03 14:08:59.686][7][info][main] [external/envoy/source/server/server.cc:440]   envoy.listener_manager_impl: envoy.listener_manager_impl.default, envoy.listener_manager_impl.validation
2025-08-03T14:08:59.686849616Z [2025-08-03 14:08:59.686][7][info][main] [external/envoy/source/server/server.cc:440]   envoy.route.early_data_policy: envoy.route.early_data_policy.default
2025-08-03T14:08:59.686861551Z [2025-08-03 14:08:59.686][7][info][main] [external/envoy/source/server/server.cc:440]   envoy.thrift_proxy.protocols: auto, binary, binary/non-strict, compact, twitter
2025-08-03T14:08:59.686875204Z [2025-08-03 14:08:59.686][7][info][main] [external/envoy/source/server/server.cc:440]   envoy.transport_sockets.upstream: cilium.tls_wrapper, envoy.transport_sockets.internal_upstream, envoy.transport_sockets.quic, envoy.transport_sockets.raw_buffer, envoy.transport_sockets.tls, envoy.transport_sockets.upstream_proxy_protocol, raw_buffer, tls
2025-08-03T14:08:59.686888761Z [2025-08-03 14:08:59.686][7][info][main] [external/envoy/source/server/server.cc:440]   envoy.health_check.event_sinks: cilium.health_check.event_sink.pipe, envoy.health_check.event_sink.file
2025-08-03T14:08:59.686899964Z [2025-08-03 14:08:59.686][7][info][main] [external/envoy/source/server/server.cc:440]   envoy.route_config_update_requester: envoy.route_config_update_requester.default
2025-08-03T14:08:59.686913400Z [2025-08-03 14:08:59.686][7][info][main] [external/envoy/source/server/server.cc:440]   envoy.access_loggers: envoy.access_loggers.file, envoy.access_loggers.fluentd, envoy.access_loggers.http_grpc, envoy.access_loggers.open_telemetry, envoy.access_loggers.stderr, envoy.access_loggers.stdout, envoy.access_loggers.tcp_grpc, envoy.access_loggers.wasm, envoy.file_access_log, envoy.fluentd_access_log, envoy.http_grpc_access_log, envoy.open_telemetry_access_log, envoy.stderr_access_log, envoy.stdout_access_log, envoy.tcp_grpc_access_log, envoy.wasm_access_log
2025-08-03T14:08:59.686925886Z [2025-08-03 14:08:59.686][7][info][main] [external/envoy/source/server/server.cc:440]   envoy.network.dns_resolver: envoy.network.dns_resolver.cares
2025-08-03T14:08:59.686937597Z [2025-08-03 14:08:59.686][7][info][main] [external/envoy/source/server/server.cc:440]   envoy.access_loggers.extension_filters: envoy.access_loggers.extension_filters.cel
2025-08-03T14:08:59.686964835Z [2025-08-03 14:08:59.686][7][info][main] [external/envoy/source/server/server.cc:440]   envoy.matching.http.input: envoy.matching.inputs.cel_data_input, envoy.matching.inputs.destination_ip, envoy.matching.inputs.destination_port, envoy.matching.inputs.direct_source_ip, envoy.matching.inputs.dns_san, envoy.matching.inputs.filter_state, envoy.matching.inputs.request_headers, envoy.matching.inputs.request_trailers, envoy.matching.inputs.response_headers, envoy.matching.inputs.response_trailers, envoy.matching.inputs.server_name, envoy.matching.inputs.source_ip, envoy.matching.inputs.source_port, envoy.matching.inputs.source_type, envoy.matching.inputs.subject, envoy.matching.inputs.uri_san, query_params
2025-08-03T14:08:59.686979438Z [2025-08-03 14:08:59.686][7][info][main] [external/envoy/source/server/server.cc:440]   envoy.ssl.server_context_factory: envoy.ssl.server_context_factory.default
2025-08-03T14:08:59.686991396Z [2025-08-03 14:08:59.686][7][info][main] [external/envoy/source/server/server.cc:440]   envoy.quic.proof_source: envoy.quic.proof_source.filter_chain
2025-08-03T14:08:59.687040545Z [2025-08-03 14:08:59.686][7][info][main] [external/envoy/source/server/server.cc:440]   envoy.filters.http: cilium.l7policy, envoy.ext_authz, envoy.filters.http.basic_auth, envoy.filters.http.dynamic_forward_proxy, envoy.filters.http.ext_authz, envoy.filters.http.grpc_stats, envoy.filters.http.grpc_web, envoy.filters.http.health_check, envoy.filters.http.jwt_authn, envoy.filters.http.local_ratelimit, envoy.filters.http.match_delegate, envoy.filters.http.oauth2, envoy.filters.http.rate_limit_quota, envoy.filters.http.ratelimit, envoy.filters.http.rbac, envoy.filters.http.router, envoy.filters.http.set_filter_state, envoy.filters.http.set_metadata, envoy.filters.http.wasm, envoy.grpc_web, envoy.health_check, envoy.local_rate_limit, envoy.rate_limit, envoy.router
2025-08-03T14:08:59.687076639Z [2025-08-03 14:08:59.686][7][info][main] [external/envoy/source/server/server.cc:440]   envoy.udp_packet_writer: envoy.udp_packet_writer.default, envoy.udp_packet_writer.gso
2025-08-03T14:08:59.687089462Z [2025-08-03 14:08:59.686][7][info][main] [external/envoy/source/server/server.cc:440]   envoy.tls.cert_validator: envoy.tls.cert_validator.default
2025-08-03T14:08:59.687095606Z [2025-08-03 14:08:59.686][7][info][main] [external/envoy/source/server/server.cc:440]   network.connection.client: default, envoy_internal
2025-08-03T14:08:59.687100363Z [2025-08-03 14:08:59.686][7][info][main] [external/envoy/source/server/server.cc:440]   envoy.rds_factory: envoy.rds_factory.default
2025-08-03T14:08:59.693062961Z [2025-08-03 14:08:59.692][7][info][main] [external/envoy/source/server/server.cc:500] HTTP header map info:
2025-08-03T14:08:59.693229563Z [2025-08-03 14:08:59.693][7][info][main] [external/envoy/source/server/server.cc:503]   request header map: 592 bytes: :authority,:method,:path,:protocol,:scheme,accept,access-control-request-method,authorization,connection,content-length,content-type,expect,grpc-accept-encoding,grpc-timeout,keep-alive,origin,proxy-connection,proxy-status,referer,sec-websocket-extensions,sec-websocket-key,sec-websocket-protocol,sec-websocket-version,te,transfer-encoding,upgrade,user-agent,via,x-client-trace-id,x-envoy-attempt-count,x-envoy-decorator-operation,x-envoy-downstream-service-cluster,x-envoy-downstream-service-node,x-envoy-expected-rq-timeout-ms,x-envoy-external-address,x-envoy-force-trace,x-envoy-hedge-on-per-try-timeout,x-envoy-internal,x-envoy-ip-tags,x-envoy-is-timeout-retry,x-envoy-max-retries,x-envoy-original-dst-host,x-envoy-original-path,x-envoy-original-url,x-envoy-retriable-header-names,x-envoy-retriable-status-codes,x-envoy-retry-grpc-on,x-envoy-retry-on,x-envoy-upstream-alt-stat-name,x-envoy-upstream-rq-per-try-timeout-ms,x-envoy-upstream-rq-timeout-alt-response,x-envoy-upstream-rq-timeout-ms,x-envoy-upstream-stream-duration-ms,x-forwarded-client-cert,x-forwarded-for,x-forwarded-host,x-forwarded-port,x-forwarded-proto,x-request-id
2025-08-03T14:08:59.693250744Z [2025-08-03 14:08:59.693][7][info][main] [external/envoy/source/server/server.cc:503]   request trailer map: 120 bytes: 
2025-08-03T14:08:59.693261528Z [2025-08-03 14:08:59.693][7][info][main] [external/envoy/source/server/server.cc:503]   response header map: 328 bytes: :status,connection,content-length,content-type,date,grpc-message,grpc-status,keep-alive,location,proxy-connection,proxy-status,sec-websocket-accept,server,transfer-encoding,upgrade,via,x-envoy-attempt-count,x-envoy-decorator-operation,x-envoy-degraded,x-envoy-immediate-health-check-fail,x-envoy-ratelimited,x-envoy-upstream-canary,x-envoy-upstream-healthchecked-cluster,x-envoy-upstream-service-time,x-request-id
2025-08-03T14:08:59.693267605Z [2025-08-03 14:08:59.693][7][info][main] [external/envoy/source/server/server.cc:503]   response trailer map: 144 bytes: grpc-message,grpc-status
2025-08-03T14:08:59.703163894Z [2025-08-03 14:08:59.702][7][info][main] [external/envoy/source/server/server.cc:901] runtime: {}
2025-08-03T14:08:59.703228503Z [2025-08-03 14:08:59.703][7][info][main] [external/envoy/source/server/server.cc:734] Starting admin HTTP server at /var/run/cilium/envoy/sockets/admin.sock
2025-08-03T14:08:59.703409347Z [2025-08-03 14:08:59.703][7][info][admin] [external/envoy/source/server/admin/admin.cc:65] admin address: /var/run/cilium/envoy/sockets/admin.sock
2025-08-03T14:08:59.703605380Z [2025-08-03 14:08:59.703][7][info][config] [external/envoy/source/server/configuration_impl.cc:173] loading tracing configuration
2025-08-03T14:08:59.703617996Z [2025-08-03 14:08:59.703][7][info][config] [external/envoy/source/server/configuration_impl.cc:124] loading 0 static secret(s)
2025-08-03T14:08:59.703623359Z [2025-08-03 14:08:59.703][7][info][config] [external/envoy/source/server/configuration_impl.cc:130] loading 6 cluster(s)
2025-08-03T14:08:59.708742658Z [2025-08-03 14:08:59.708][7][info][config] [external/envoy/source/server/configuration_impl.cc:140] loading 2 listener(s)
2025-08-03T14:08:59.757023100Z [2025-08-03 14:08:59.756][7][info][config] [external/envoy/source/server/configuration_impl.cc:156] loading stats configuration
2025-08-03T14:08:59.757109365Z [2025-08-03 14:08:59.756][7][info][runtime] [external/envoy/source/common/runtime/runtime_impl.cc:555] RTDS has finished initialization
2025-08-03T14:08:59.757138210Z [2025-08-03 14:08:59.757][7][info][upstream] [external/envoy/source/common/upstream/cluster_manager_impl.cc:260] cm init: initializing cds
2025-08-03T14:08:59.759158762Z [2025-08-03 14:08:59.758][7][info][main] [external/envoy/source/server/server.cc:1012] starting main dispatch loop
2025-08-03T14:09:04.104318439Z [2025-08-03 14:09:04.104][7][info][upstream] [external/envoy/source/common/upstream/cds_api_helper.cc:34] cds: response indicates 0 added/updated cluster(s), 6 removed cluster(s); applying changes
2025-08-03T14:09:04.104366434Z [2025-08-03 14:09:04.104][7][info][upstream] [external/envoy/source/common/upstream/cds_api_helper.cc:87] cds: added/updated 0 cluster(s) (skipped 0 unmodified cluster(s)); removed 0 cluster(s)
2025-08-03T14:09:04.104382744Z [2025-08-03 14:09:04.104][7][info][upstream] [external/envoy/source/common/upstream/cluster_manager_impl.cc:264] cm init: all clusters initialized
2025-08-03T14:09:04.104392944Z [2025-08-03 14:09:04.104][7][info][main] [external/envoy/source/server/server.cc:992] all clusters initialized. initializing init manager
2025-08-03T14:09:04.106713274Z [2025-08-03 14:09:04.106][7][info][config] [external/envoy/source/common/listener_manager/listener_manager_impl.cc:948] all dependencies initialized. starting workers
2025-08-03T14:21:57.526487429Z [2025-08-03 14:21:57.526][7][warning][config] [external/envoy/source/extensions/config_subscription/grpc/grpc_stream.h:188] StreamListeners gRPC config stream to xds-grpc-cilium closed: 13, 
2025-08-03T14:21:57.526530100Z [2025-08-03 14:21:57.526][7][warning][config] [external/envoy/source/extensions/config_subscription/grpc/grpc_stream.h:188] StreamClusters gRPC config stream to xds-grpc-cilium closed: 13, 
2025-08-03T14:22:14.808170658Z [2025-08-03 14:22:14.807][7][info][upstream] [external/envoy/source/common/upstream/cds_api_helper.cc:34] cds: response indicates 0 added/updated cluster(s), 6 removed cluster(s); applying changes
2025-08-03T14:22:14.808197928Z [2025-08-03 14:22:14.807][7][info][upstream] [external/envoy/source/common/upstream/cds_api_helper.cc:87] cds: added/updated 0 cluster(s) (skipped 0 unmodified cluster(s)); removed 0 cluster(s)
2025-08-03T14:24:04.106643073Z [2025-08-03 14:24:04.106][7][info][main] [external/envoy/source/server/drain_manager_impl.cc:226] shutting down parent after drain
