2025-08-03T13:50:11.689804748Z time=2025-08-03T13:50:11.689437675Z level=info msg="  --agent-not-ready-taint-key='node.cilium.io/agent-not-ready'" subsys=cilium-operator-generic
2025-08-03T13:50:11.690509580Z time=2025-08-03T13:50:11.690328845Z level=info msg="  --auto-create-cilium-pod-ip-pools=''" subsys=cilium-operator-generic
2025-08-03T13:50:11.690530353Z time=2025-08-03T13:50:11.690370063Z level=info msg="  --auto-direct-node-routes='false'" subsys=cilium-operator-generic
2025-08-03T13:50:11.690536645Z time=2025-08-03T13:50:11.690382562Z level=info msg="  --bpf-distributed-lru='false'" subsys=cilium-operator-generic
2025-08-03T13:50:11.690541222Z time=2025-08-03T13:50:11.690392133Z level=info msg="  --bpf-events-drop-enabled='true'" subsys=cilium-operator-generic
2025-08-03T13:50:11.690564660Z time=2025-08-03T13:50:11.690401193Z level=info msg="  --bpf-events-policy-verdict-enabled='true'" subsys=cilium-operator-generic
2025-08-03T13:50:11.690870863Z time=2025-08-03T13:50:11.690660007Z level=info msg="  --bpf-events-trace-enabled='true'" subsys=cilium-operator-generic
2025-08-03T13:50:11.690889092Z time=2025-08-03T13:50:11.690697816Z level=info msg="  --bpf-lb-acceleration='disabled'" subsys=cilium-operator-generic
2025-08-03T13:50:11.690894952Z time=2025-08-03T13:50:11.690707073Z level=info msg="  --bpf-lb-algorithm-annotation='false'" subsys=cilium-operator-generic
2025-08-03T13:50:11.690899361Z time=2025-08-03T13:50:11.690712731Z level=info msg="  --bpf-lb-external-clusterip='false'" subsys=cilium-operator-generic
2025-08-03T13:50:11.690928560Z time=2025-08-03T13:50:11.690718187Z level=info msg="  --bpf-lb-map-max='65536'" subsys=cilium-operator-generic
2025-08-03T13:50:11.690936342Z time=2025-08-03T13:50:11.69072308Z level=info msg="  --bpf-lb-mode-annotation='false'" subsys=cilium-operator-generic
2025-08-03T13:50:11.690940948Z time=2025-08-03T13:50:11.690730243Z level=info msg="  --bpf-lb-proto-diff='true'" subsys=cilium-operator-generic
2025-08-03T13:50:11.690945235Z time=2025-08-03T13:50:11.6907351Z level=info msg="  --bpf-lb-sock='false'" subsys=cilium-operator-generic
2025-08-03T13:50:11.690949754Z time=2025-08-03T13:50:11.690740185Z level=info msg="  --bpf-lb-source-range-all-types='false'" subsys=cilium-operator-generic
2025-08-03T13:50:11.690953944Z time=2025-08-03T13:50:11.69074502Z level=info msg="  --bpf-map-dynamic-size-ratio='0.0025'" subsys=cilium-operator-generic
2025-08-03T13:50:11.690959182Z time=2025-08-03T13:50:11.690749925Z level=info msg="  --bpf-policy-map-max='16384'" subsys=cilium-operator-generic
2025-08-03T13:50:11.690963680Z time=2025-08-03T13:50:11.690754623Z level=info msg="  --bpf-policy-stats-map-max='65536'" subsys=cilium-operator-generic
2025-08-03T13:50:11.690968044Z time=2025-08-03T13:50:11.690759632Z level=info msg="  --bpf-root='/sys/fs/bpf'" subsys=cilium-operator-generic
2025-08-03T13:50:11.690972491Z time=2025-08-03T13:50:11.690767425Z level=info msg="  --ces-max-ciliumendpoints-per-ces='100'" subsys=cilium-operator-generic
2025-08-03T13:50:11.690978487Z time=2025-08-03T13:50:11.690775796Z level=info msg="  --ces-rate-limits='[{\"nodes\":0,\"limit\":10,\"burst\":20}]'" subsys=cilium-operator-generic
2025-08-03T13:50:11.690983571Z time=2025-08-03T13:50:11.690781789Z level=info msg="  --ces-slice-mode='fcfs'" subsys=cilium-operator-generic
2025-08-03T13:50:11.690987909Z time=2025-08-03T13:50:11.690787045Z level=info msg="  --cgroup-root='/run/cilium/cgroupv2'" subsys=cilium-operator-generic
2025-08-03T13:50:11.691019282Z time=2025-08-03T13:50:11.690792526Z level=info msg="  --cilium-endpoint-gc-interval='5m0s'" subsys=cilium-operator-generic
2025-08-03T13:50:11.691025189Z time=2025-08-03T13:50:11.690797977Z level=info msg="  --cilium-pod-labels='k8s-app=cilium'" subsys=cilium-operator-generic
2025-08-03T13:50:11.691051539Z time=2025-08-03T13:50:11.690808134Z level=info msg="  --cilium-pod-namespace=''" subsys=cilium-operator-generic
2025-08-03T13:50:11.691156169Z time=2025-08-03T13:50:11.690828076Z level=info msg="  --cluster-id='0'" subsys=cilium-operator-generic
2025-08-03T13:50:11.691166950Z time=2025-08-03T13:50:11.690834045Z level=info msg="  --cluster-name='default'" subsys=cilium-operator-generic
2025-08-03T13:50:11.691171924Z time=2025-08-03T13:50:11.690858792Z level=info msg="  --cluster-pool-ipv4-cidr=''" subsys=cilium-operator-generic
2025-08-03T13:50:11.691213843Z time=2025-08-03T13:50:11.690867196Z level=info msg="  --cluster-pool-ipv4-mask-size='24'" subsys=cilium-operator-generic
2025-08-03T13:50:11.691222159Z time=2025-08-03T13:50:11.690947485Z level=info msg="  --cluster-pool-ipv6-cidr=''" subsys=cilium-operator-generic
2025-08-03T13:50:11.691226491Z time=2025-08-03T13:50:11.690978916Z level=info msg="  --cluster-pool-ipv6-mask-size='112'" subsys=cilium-operator-generic
2025-08-03T13:50:11.691233477Z time=2025-08-03T13:50:11.690988429Z level=info msg="  --clustermesh-concurrent-service-endpoint-syncs='5'" subsys=cilium-operator-generic
2025-08-03T13:50:11.691238065Z time=2025-08-03T13:50:11.690997174Z level=info msg="  --clustermesh-config=''" subsys=cilium-operator-generic
2025-08-03T13:50:11.691242540Z time=2025-08-03T13:50:11.691003225Z level=info msg="  --clustermesh-enable-endpoint-sync='false'" subsys=cilium-operator-generic
2025-08-03T13:50:11.691246869Z time=2025-08-03T13:50:11.691008569Z level=info msg="  --clustermesh-enable-mcs-api='false'" subsys=cilium-operator-generic
2025-08-03T13:50:11.691251360Z time=2025-08-03T13:50:11.691014879Z level=info msg="  --clustermesh-endpoint-updates-batch-period='500ms'" subsys=cilium-operator-generic
2025-08-03T13:50:11.691255789Z time=2025-08-03T13:50:11.691021199Z level=info msg="  --clustermesh-endpoints-per-slice='100'" subsys=cilium-operator-generic
2025-08-03T13:50:11.691260040Z time=2025-08-03T13:50:11.691028109Z level=info msg="  --clustermesh-sync-timeout='1m0s'" subsys=cilium-operator-generic
2025-08-03T13:50:11.691288091Z time=2025-08-03T13:50:11.691035284Z level=info msg="  --cmdref=''" subsys=cilium-operator-generic
2025-08-03T13:50:11.691302905Z time=2025-08-03T13:50:11.691042422Z level=info msg="  --cni-exclusive='true'" subsys=cilium-operator-generic
2025-08-03T13:50:11.691308289Z time=2025-08-03T13:50:11.69110866Z level=info msg="  --cni-log-file='/var/run/cilium/cilium-cni.log'" subsys=cilium-operator-generic
2025-08-03T13:50:11.691312625Z time=2025-08-03T13:50:11.691167633Z level=info msg="  --config=''" subsys=cilium-operator-generic
2025-08-03T13:50:11.691317074Z time=2025-08-03T13:50:11.691175485Z level=info msg="  --config-dir='/tmp/cilium/config-map'" subsys=cilium-operator-generic
2025-08-03T13:50:11.691326617Z time=2025-08-03T13:50:11.691197702Z level=info msg="  --controller-group-metrics=''" subsys=cilium-operator-generic
2025-08-03T13:50:11.691331727Z time=2025-08-03T13:50:11.691228731Z level=info msg="  --custom-cni-conf='false'" subsys=cilium-operator-generic
2025-08-03T13:50:11.691335753Z time=2025-08-03T13:50:11.691240953Z level=info msg="  --datapath-mode='veth'" subsys=cilium-operator-generic
2025-08-03T13:50:11.691339987Z time=2025-08-03T13:50:11.691250051Z level=info msg="  --debug='false'" subsys=cilium-operator-generic
2025-08-03T13:50:11.691344592Z time=2025-08-03T13:50:11.691262337Z level=info msg="  --debug-verbose=''" subsys=cilium-operator-generic
2025-08-03T13:50:11.691377159Z time=2025-08-03T13:50:11.691272197Z level=info msg="  --default-lb-service-ipam='lbipam'" subsys=cilium-operator-generic
2025-08-03T13:50:11.691384839Z time=2025-08-03T13:50:11.69128102Z level=info msg="  --direct-routing-skip-unreachable='false'" subsys=cilium-operator-generic
2025-08-03T13:50:11.691389885Z time=2025-08-03T13:50:11.691287233Z level=info msg="  --disable-endpoint-crd='false'" subsys=cilium-operator-generic
2025-08-03T13:50:11.691405933Z time=2025-08-03T13:50:11.691292599Z level=info msg="  --dnsproxy-enable-transparent-mode='true'" subsys=cilium-operator-generic
2025-08-03T13:50:11.691420740Z time=2025-08-03T13:50:11.691297803Z level=info msg="  --dnsproxy-socket-linger-timeout='10'" subsys=cilium-operator-generic
2025-08-03T13:50:11.691426820Z time=2025-08-03T13:50:11.691304209Z level=info msg="  --double-write-metric-reporter-interval='1m0s'" subsys=cilium-operator-generic
2025-08-03T13:50:11.691431063Z time=2025-08-03T13:50:11.691309683Z level=info msg="  --egress-gateway-reconciliation-trigger-interval='1s'" subsys=cilium-operator-generic
2025-08-03T13:50:11.691460491Z time=2025-08-03T13:50:11.691314969Z level=info msg="  --enable-auto-protect-node-port-range='true'" subsys=cilium-operator-generic
2025-08-03T13:50:11.691491374Z time=2025-08-03T13:50:11.691320185Z level=info msg="  --enable-bpf-clock-probe='false'" subsys=cilium-operator-generic
2025-08-03T13:50:11.691499966Z time=2025-08-03T13:50:11.691326153Z level=info msg="  --enable-cilium-clusterwide-network-policy='true'" subsys=cilium-operator-generic
2025-08-03T13:50:11.691504560Z time=2025-08-03T13:50:11.691356885Z level=info msg="  --enable-cilium-endpoint-slice='false'" subsys=cilium-operator-generic
2025-08-03T13:50:11.691509156Z time=2025-08-03T13:50:11.691371713Z level=info msg="  --enable-cilium-network-policy='true'" subsys=cilium-operator-generic
2025-08-03T13:50:11.691525100Z time=2025-08-03T13:50:11.691423789Z level=info msg="  --enable-cilium-operator-server-access='*'" subsys=cilium-operator-generic
2025-08-03T13:50:11.691548457Z time=2025-08-03T13:50:11.691452245Z level=info msg="  --enable-egress-gateway='false'" subsys=cilium-operator-generic
2025-08-03T13:50:11.691554452Z time=2025-08-03T13:50:11.691464167Z level=info msg="  --enable-endpoint-health-checking='true'" subsys=cilium-operator-generic
2025-08-03T13:50:11.691587063Z time=2025-08-03T13:50:11.691473842Z level=info msg="  --enable-endpoint-lockdown-on-policy-overflow='false'" subsys=cilium-operator-generic
2025-08-03T13:50:11.691594588Z time=2025-08-03T13:50:11.691484Z level=info msg="  --enable-gateway-api-alpn='false'" subsys=cilium-operator-generic
2025-08-03T13:50:11.691599288Z time=2025-08-03T13:50:11.691493214Z level=info msg="  --enable-gateway-api-app-protocol='false'" subsys=cilium-operator-generic
2025-08-03T13:50:11.691603295Z time=2025-08-03T13:50:11.69150186Z level=info msg="  --enable-gateway-api-proxy-protocol='false'" subsys=cilium-operator-generic
2025-08-03T13:50:11.691608215Z time=2025-08-03T13:50:11.691508814Z level=info msg="  --enable-gateway-api-secrets-sync='true'" subsys=cilium-operator-generic
2025-08-03T13:50:11.691621788Z time=2025-08-03T13:50:11.691514763Z level=info msg="  --enable-gops='true'" subsys=cilium-operator-generic
2025-08-03T13:50:11.691628025Z time=2025-08-03T13:50:11.691519885Z level=info msg="  --enable-health-check-loadbalancer-ip='false'" subsys=cilium-operator-generic
2025-08-03T13:50:11.691632303Z time=2025-08-03T13:50:11.691524963Z level=info msg="  --enable-health-check-nodeport='true'" subsys=cilium-operator-generic
2025-08-03T13:50:11.691636654Z time=2025-08-03T13:50:11.691529863Z level=info msg="  --enable-health-checking='true'" subsys=cilium-operator-generic
2025-08-03T13:50:11.691640820Z time=2025-08-03T13:50:11.691536287Z level=info msg="  --enable-hubble='true'" subsys=cilium-operator-generic
2025-08-03T13:50:11.691644820Z time=2025-08-03T13:50:11.6915417Z level=info msg="  --enable-icmp-rules='true'" subsys=cilium-operator-generic
2025-08-03T13:50:11.691649140Z time=2025-08-03T13:50:11.691547503Z level=info msg="  --enable-ingress-controller='false'" subsys=cilium-operator-generic
2025-08-03T13:50:11.691653272Z time=2025-08-03T13:50:11.691552642Z level=info msg="  --enable-ingress-proxy-protocol='false'" subsys=cilium-operator-generic
2025-08-03T13:50:11.691676297Z time=2025-08-03T13:50:11.691558222Z level=info msg="  --enable-ingress-secrets-sync='true'" subsys=cilium-operator-generic
2025-08-03T13:50:11.691681481Z time=2025-08-03T13:50:11.691563289Z level=info msg="  --enable-internal-traffic-policy='true'" subsys=cilium-operator-generic
2025-08-03T13:50:11.691685715Z time=2025-08-03T13:50:11.691568701Z level=info msg="  --enable-ipv4='true'" subsys=cilium-operator-generic
2025-08-03T13:50:11.691689868Z time=2025-08-03T13:50:11.691573528Z level=info msg="  --enable-ipv4-big-tcp='false'" subsys=cilium-operator-generic
2025-08-03T13:50:11.691717306Z time=2025-08-03T13:50:11.691578635Z level=info msg="  --enable-ipv4-egress-gateway='false'" subsys=cilium-operator-generic
2025-08-03T13:50:11.691725334Z time=2025-08-03T13:50:11.691583883Z level=info msg="  --enable-ipv4-masquerade='true'" subsys=cilium-operator-generic
2025-08-03T13:50:11.691729961Z time=2025-08-03T13:50:11.691589049Z level=info msg="  --enable-ipv6='false'" subsys=cilium-operator-generic
2025-08-03T13:50:11.691751406Z time=2025-08-03T13:50:11.691597286Z level=info msg="  --enable-ipv6-big-tcp='false'" subsys=cilium-operator-generic
2025-08-03T13:50:11.691757983Z time=2025-08-03T13:50:11.691635277Z level=info msg="  --enable-ipv6-masquerade='true'" subsys=cilium-operator-generic
2025-08-03T13:50:11.691763840Z time=2025-08-03T13:50:11.691649095Z level=info msg="  --enable-k8s='true'" subsys=cilium-operator-generic
2025-08-03T13:50:11.691767851Z time=2025-08-03T13:50:11.691662341Z level=info msg="  --enable-k8s-api-discovery='true'" subsys=cilium-operator-generic
2025-08-03T13:50:11.691772091Z time=2025-08-03T13:50:11.691676332Z level=info msg="  --enable-k8s-endpoint-slice='true'" subsys=cilium-operator-generic
2025-08-03T13:50:11.691776200Z time=2025-08-03T13:50:11.691690275Z level=info msg="  --enable-k8s-networkpolicy='true'" subsys=cilium-operator-generic
2025-08-03T13:50:11.691780310Z time=2025-08-03T13:50:11.691699225Z level=info msg="  --enable-l2-neigh-discovery='false'" subsys=cilium-operator-generic
2025-08-03T13:50:11.691793417Z time=2025-08-03T13:50:11.691708443Z level=info msg="  --enable-l7-proxy='true'" subsys=cilium-operator-generic
2025-08-03T13:50:11.691799977Z time=2025-08-03T13:50:11.691725655Z level=info msg="  --enable-lb-ipam='true'" subsys=cilium-operator-generic
2025-08-03T13:50:11.691809001Z time=2025-08-03T13:50:11.691736596Z level=info msg="  --enable-local-redirect-policy='true'" subsys=cilium-operator-generic
2025-08-03T13:50:11.691813824Z time=2025-08-03T13:50:11.69174549Z level=info msg="  --enable-masquerade-to-route-source='false'" subsys=cilium-operator-generic
2025-08-03T13:50:11.691818131Z time=2025-08-03T13:50:11.691754195Z level=info msg="  --enable-metrics='true'" subsys=cilium-operator-generic
2025-08-03T13:50:11.691822448Z time=2025-08-03T13:50:11.69176341Z level=info msg="  --enable-node-ipam='false'" subsys=cilium-operator-generic
2025-08-03T13:50:11.691826477Z time=2025-08-03T13:50:11.691776436Z level=info msg="  --enable-node-port='false'" subsys=cilium-operator-generic
2025-08-03T13:50:11.691867634Z time=2025-08-03T13:50:11.691786246Z level=info msg="  --enable-node-selector-labels='false'" subsys=cilium-operator-generic
2025-08-03T13:50:11.691931300Z time=2025-08-03T13:50:11.691795392Z level=info msg="  --enable-non-default-deny-policies='true'" subsys=cilium-operator-generic
2025-08-03T13:50:11.691971740Z time=2025-08-03T13:50:11.691810914Z level=info msg="  --enable-policy='default'" subsys=cilium-operator-generic
2025-08-03T13:50:11.691997412Z time=2025-08-03T13:50:11.691821371Z level=info msg="  --enable-policy-secrets-sync='true'" subsys=cilium-operator-generic
2025-08-03T13:50:11.692015304Z time=2025-08-03T13:50:11.691839354Z level=info msg="  --enable-sctp='false'" subsys=cilium-operator-generic
2025-08-03T13:50:11.692182804Z time=2025-08-03T13:50:11.69185044Z level=info msg="  --enable-source-ip-verification='true'" subsys=cilium-operator-generic
2025-08-03T13:50:11.692203943Z time=2025-08-03T13:50:11.692099101Z level=info msg="  --enable-srv6='false'" subsys=cilium-operator-generic
2025-08-03T13:50:11.692210181Z time=2025-08-03T13:50:11.692115775Z level=info msg="  --enable-svc-source-range-check='true'" subsys=cilium-operator-generic
2025-08-03T13:50:11.692214263Z time=2025-08-03T13:50:11.692124555Z level=info msg="  --enable-tcx='true'" subsys=cilium-operator-generic
2025-08-03T13:50:11.692218532Z time=2025-08-03T13:50:11.692132126Z level=info msg="  --enable-vtep='false'" subsys=cilium-operator-generic
2025-08-03T13:50:11.692222663Z time=2025-08-03T13:50:11.692140177Z level=info msg="  --enable-well-known-identities='false'" subsys=cilium-operator-generic
2025-08-03T13:50:11.692237978Z time=2025-08-03T13:50:11.692148407Z level=info msg="  --enable-xt-socket-fallback='true'" subsys=cilium-operator-generic
2025-08-03T13:50:11.692243894Z time=2025-08-03T13:50:11.692171458Z level=info msg="  --enforce-ingress-https='true'" subsys=cilium-operator-generic
2025-08-03T13:50:11.692247915Z time=2025-08-03T13:50:11.692181053Z level=info msg="  --envoy-access-log-buffer-size='4096'" subsys=cilium-operator-generic
2025-08-03T13:50:11.692251801Z time=2025-08-03T13:50:11.692190041Z level=info msg="  --envoy-base-id='0'" subsys=cilium-operator-generic
2025-08-03T13:50:11.692256375Z time=2025-08-03T13:50:11.692198415Z level=info msg="  --envoy-keep-cap-netbindservice='false'" subsys=cilium-operator-generic
2025-08-03T13:50:11.692260492Z time=2025-08-03T13:50:11.692206841Z level=info msg="  --external-envoy-proxy='true'" subsys=cilium-operator-generic
2025-08-03T13:50:11.692283295Z time=2025-08-03T13:50:11.692217994Z level=info msg="  --gateway-api-hostnetwork-enabled='false'" subsys=cilium-operator-generic
2025-08-03T13:50:11.692302626Z time=2025-08-03T13:50:11.692243655Z level=info msg="  --gateway-api-hostnetwork-nodelabelselector=''" subsys=cilium-operator-generic
2025-08-03T13:50:11.692309287Z time=2025-08-03T13:50:11.692257155Z level=info msg="  --gateway-api-secrets-namespace='cilium-secrets'" subsys=cilium-operator-generic
2025-08-03T13:50:11.692340781Z time=2025-08-03T13:50:11.69226705Z level=info msg="  --gateway-api-service-externaltrafficpolicy='Cluster'" subsys=cilium-operator-generic
2025-08-03T13:50:11.692357190Z time=2025-08-03T13:50:11.692278117Z level=info msg="  --gateway-api-xff-num-trusted-hops='0'" subsys=cilium-operator-generic
2025-08-03T13:50:11.692393563Z time=2025-08-03T13:50:11.692287838Z level=info msg="  --gops-port='9891'" subsys=cilium-operator-generic
2025-08-03T13:50:11.692401406Z time=2025-08-03T13:50:11.692300012Z level=info msg="  --health-check-icmp-failure-threshold='3'" subsys=cilium-operator-generic
2025-08-03T13:50:11.692430538Z time=2025-08-03T13:50:11.692308348Z level=info msg="  --http-retry-count='3'" subsys=cilium-operator-generic
2025-08-03T13:50:11.692438270Z time=2025-08-03T13:50:11.692317037Z level=info msg="  --hubble-disable-tls='false'" subsys=cilium-operator-generic
2025-08-03T13:50:11.692442813Z time=2025-08-03T13:50:11.692325886Z level=info msg="  --hubble-listen-address=':4244'" subsys=cilium-operator-generic
2025-08-03T13:50:11.692447616Z time=2025-08-03T13:50:11.69233515Z level=info msg="  --hubble-network-policy-correlation-enabled='true'" subsys=cilium-operator-generic
2025-08-03T13:50:11.692452070Z time=2025-08-03T13:50:11.692346921Z level=info msg="  --hubble-socket-path='/var/run/cilium/hubble.sock'" subsys=cilium-operator-generic
2025-08-03T13:50:11.692456633Z time=2025-08-03T13:50:11.692355817Z level=info msg="  --hubble-tls-cert-file='/var/lib/cilium/tls/hubble/server.crt'" subsys=cilium-operator-generic
2025-08-03T13:50:11.692477022Z time=2025-08-03T13:50:11.69236795Z level=info msg="  --hubble-tls-client-ca-files='/var/lib/cilium/tls/hubble/client-ca.crt'" subsys=cilium-operator-generic
2025-08-03T13:50:11.692486953Z time=2025-08-03T13:50:11.692376767Z level=info msg="  --hubble-tls-key-file='/var/lib/cilium/tls/hubble/server.key'" subsys=cilium-operator-generic
2025-08-03T13:50:11.692528772Z time=2025-08-03T13:50:11.692385502Z level=info msg="  --identity-allocation-mode='crd'" subsys=cilium-operator-generic
2025-08-03T13:50:11.692537238Z time=2025-08-03T13:50:11.692394735Z level=info msg="  --identity-gc-interval='15m0s'" subsys=cilium-operator-generic
2025-08-03T13:50:11.692555878Z time=2025-08-03T13:50:11.692404684Z level=info msg="  --identity-gc-rate-interval='1m0s'" subsys=cilium-operator-generic
2025-08-03T13:50:11.692562172Z time=2025-08-03T13:50:11.692426413Z level=info msg="  --identity-gc-rate-limit='2500'" subsys=cilium-operator-generic
2025-08-03T13:50:11.692566666Z time=2025-08-03T13:50:11.692439753Z level=info msg="  --identity-heartbeat-timeout='30m0s'" subsys=cilium-operator-generic
2025-08-03T13:50:11.692571118Z time=2025-08-03T13:50:11.692449363Z level=info msg="  --identity-management-mode='agent'" subsys=cilium-operator-generic
2025-08-03T13:50:11.692575361Z time=2025-08-03T13:50:11.69245923Z level=info msg="  --ingress-default-lb-mode='dedicated'" subsys=cilium-operator-generic
2025-08-03T13:50:11.692579733Z time=2025-08-03T13:50:11.692469603Z level=info msg="  --ingress-default-request-timeout='0s'" subsys=cilium-operator-generic
2025-08-03T13:50:11.692583904Z time=2025-08-03T13:50:11.692482649Z level=info msg="  --ingress-default-secret-name=''" subsys=cilium-operator-generic
2025-08-03T13:50:11.692588112Z time=2025-08-03T13:50:11.692497295Z level=info msg="  --ingress-default-secret-namespace=''" subsys=cilium-operator-generic
2025-08-03T13:50:11.692667004Z time=2025-08-03T13:50:11.692512226Z level=info msg="  --ingress-default-xff-num-trusted-hops='0'" subsys=cilium-operator-generic
2025-08-03T13:50:11.692687460Z time=2025-08-03T13:50:11.692542986Z level=info msg="  --ingress-hostnetwork-enabled='false'" subsys=cilium-operator-generic
2025-08-03T13:50:11.692693924Z time=2025-08-03T13:50:11.692559693Z level=info msg="  --ingress-hostnetwork-nodelabelselector=''" subsys=cilium-operator-generic
2025-08-03T13:50:11.692699343Z time=2025-08-03T13:50:11.692569075Z level=info msg="  --ingress-hostnetwork-shared-listener-port='0'" subsys=cilium-operator-generic
2025-08-03T13:50:11.692718205Z time=2025-08-03T13:50:11.692622856Z level=info msg="  --ingress-lb-annotation-prefixes='lbipam.cilium.io,service.beta.kubernetes.io,service.kubernetes.io,cloud.google.com'" subsys=cilium-operator-generic
2025-08-03T13:50:11.692724637Z time=2025-08-03T13:50:11.69264886Z level=info msg="  --ingress-secrets-namespace='cilium-secrets'" subsys=cilium-operator-generic
2025-08-03T13:50:11.692728786Z time=2025-08-03T13:50:11.692658798Z level=info msg="  --ingress-shared-lb-service-name='cilium-ingress'" subsys=cilium-operator-generic
2025-08-03T13:50:11.692731558Z time=2025-08-03T13:50:11.692666638Z level=info msg="  --install-no-conntrack-iptables-rules='false'" subsys=cilium-operator-generic
2025-08-03T13:50:11.692742712Z time=2025-08-03T13:50:11.692678504Z level=info msg="  --instance-tags-filter=''" subsys=cilium-operator-generic
2025-08-03T13:50:11.692747888Z time=2025-08-03T13:50:11.692694908Z level=info msg="  --ipam='kubernetes'" subsys=cilium-operator-generic
2025-08-03T13:50:11.692766590Z time=2025-08-03T13:50:11.692704306Z level=info msg="  --ipam-cilium-node-update-rate='15s'" subsys=cilium-operator-generic
2025-08-03T13:50:11.692779628Z time=2025-08-03T13:50:11.692712768Z level=info msg="  --iptables-random-fully='false'" subsys=cilium-operator-generic
2025-08-03T13:50:11.692782690Z time=2025-08-03T13:50:11.692720584Z level=info msg="  --ipv4-native-routing-cidr='10.0.0.0/16'" subsys=cilium-operator-generic
2025-08-03T13:50:11.692819263Z time=2025-08-03T13:50:11.692732197Z level=info msg="  --k8s-api-server=''" subsys=cilium-operator-generic
2025-08-03T13:50:11.692890941Z time=2025-08-03T13:50:11.692776645Z level=info msg="  --k8s-api-server-urls=''" subsys=cilium-operator-generic
2025-08-03T13:50:11.692900903Z time=2025-08-03T13:50:11.692801483Z level=info msg="  --k8s-client-connection-keep-alive='30s'" subsys=cilium-operator-generic
2025-08-03T13:50:11.692903721Z time=2025-08-03T13:50:11.692812897Z level=info msg="  --k8s-client-connection-timeout='30s'" subsys=cilium-operator-generic
2025-08-03T13:50:11.692906453Z time=2025-08-03T13:50:11.69282134Z level=info msg="  --k8s-heartbeat-timeout='30s'" subsys=cilium-operator-generic
2025-08-03T13:50:11.692909098Z time=2025-08-03T13:50:11.692831472Z level=info msg="  --k8s-kubeconfig-path=''" subsys=cilium-operator-generic
2025-08-03T13:50:11.692911810Z time=2025-08-03T13:50:11.692840443Z level=info msg="  --k8s-namespace='kube-system'" subsys=cilium-operator-generic
2025-08-03T13:50:11.692914917Z time=2025-08-03T13:50:11.692847893Z level=info msg="  --k8s-require-ipv4-pod-cidr='false'" subsys=cilium-operator-generic
2025-08-03T13:50:11.692918037Z time=2025-08-03T13:50:11.69285523Z level=info msg="  --k8s-require-ipv6-pod-cidr='false'" subsys=cilium-operator-generic
2025-08-03T13:50:11.692926527Z time=2025-08-03T13:50:11.692865373Z level=info msg="  --k8s-service-proxy-name=''" subsys=cilium-operator-generic
2025-08-03T13:50:11.692931394Z time=2025-08-03T13:50:11.692879517Z level=info msg="  --kube-proxy-replacement='true'" subsys=cilium-operator-generic
2025-08-03T13:50:11.692940692Z time=2025-08-03T13:50:11.692890097Z level=info msg="  --kube-proxy-replacement-healthz-bind-address=''" subsys=cilium-operator-generic
2025-08-03T13:50:11.692949754Z time=2025-08-03T13:50:11.692910704Z level=info msg="  --kvstore=''" subsys=cilium-operator-generic
2025-08-03T13:50:11.692963517Z time=2025-08-03T13:50:11.692920077Z level=info msg="  --kvstore-lease-ttl='15m0s'" subsys=cilium-operator-generic
2025-08-03T13:50:11.692968777Z time=2025-08-03T13:50:11.692932475Z level=info msg="  --kvstore-max-consecutive-quorum-errors='2'" subsys=cilium-operator-generic
2025-08-03T13:50:11.693143750Z time=2025-08-03T13:50:11.692972707Z level=info msg="  --kvstore-opt=''" subsys=cilium-operator-generic
2025-08-03T13:50:11.693159213Z time=2025-08-03T13:50:11.69299673Z level=info msg="  --leader-election-lease-duration='15s'" subsys=cilium-operator-generic
2025-08-03T13:50:11.693165101Z time=2025-08-03T13:50:11.69300917Z level=info msg="  --leader-election-renew-deadline='10s'" subsys=cilium-operator-generic
2025-08-03T13:50:11.693169416Z time=2025-08-03T13:50:11.693018455Z level=info msg="  --leader-election-retry-period='2s'" subsys=cilium-operator-generic
2025-08-03T13:50:11.693173821Z time=2025-08-03T13:50:11.693030546Z level=info msg="  --limit-ipam-api-burst='20'" subsys=cilium-operator-generic
2025-08-03T13:50:11.693178818Z time=2025-08-03T13:50:11.693043107Z level=info msg="  --limit-ipam-api-qps='4'" subsys=cilium-operator-generic
2025-08-03T13:50:11.693183312Z time=2025-08-03T13:50:11.693055487Z level=info msg="  --loadbalancer-l7=''" subsys=cilium-operator-generic
2025-08-03T13:50:11.693188024Z time=2025-08-03T13:50:11.693065615Z level=info msg="  --loadbalancer-l7-algorithm='round_robin'" subsys=cilium-operator-generic
2025-08-03T13:50:11.693199863Z time=2025-08-03T13:50:11.693128523Z level=info msg="  --loadbalancer-l7-ports=''" subsys=cilium-operator-generic
2025-08-03T13:50:11.693365981Z time=2025-08-03T13:50:11.693237898Z level=info msg="  --log-driver=''" subsys=cilium-operator-generic
2025-08-03T13:50:11.693376598Z time=2025-08-03T13:50:11.693276227Z level=info msg="  --log-opt=''" subsys=cilium-operator-generic
2025-08-03T13:50:11.693394273Z time=2025-08-03T13:50:11.693290916Z level=info msg="  --max-connected-clusters='255'" subsys=cilium-operator-generic
2025-08-03T13:50:11.693399736Z time=2025-08-03T13:50:11.693298764Z level=info msg="  --mesh-auth-enabled='true'" subsys=cilium-operator-generic
2025-08-03T13:50:11.693404238Z time=2025-08-03T13:50:11.693306672Z level=info msg="  --mesh-auth-gc-interval='5m0s'" subsys=cilium-operator-generic
2025-08-03T13:50:11.693408587Z time=2025-08-03T13:50:11.693317244Z level=info msg="  --mesh-auth-mutual-enabled='false'" subsys=cilium-operator-generic
2025-08-03T13:50:11.693412989Z time=2025-08-03T13:50:11.693326141Z level=info msg="  --mesh-auth-queue-size='1024'" subsys=cilium-operator-generic
2025-08-03T13:50:11.693418232Z time=2025-08-03T13:50:11.693334669Z level=info msg="  --mesh-auth-rotated-identities-queue-size='1024'" subsys=cilium-operator-generic
2025-08-03T13:50:11.693429759Z time=2025-08-03T13:50:11.693343644Z level=info msg="  --mesh-auth-spiffe-trust-domain='spiffe.cilium'" subsys=cilium-operator-generic
2025-08-03T13:50:11.693436326Z time=2025-08-03T13:50:11.693353351Z level=info msg="  --mesh-auth-spire-agent-socket='/run/spire/sockets/agent/agent.sock'" subsys=cilium-operator-generic
2025-08-03T13:50:11.693440905Z time=2025-08-03T13:50:11.693366155Z level=info msg="  --mesh-auth-spire-server-address='spire-server.spire.svc:8081'" subsys=cilium-operator-generic
2025-08-03T13:50:11.693445264Z time=2025-08-03T13:50:11.693372718Z level=info msg="  --mesh-auth-spire-server-connection-timeout='10s'" subsys=cilium-operator-generic
2025-08-03T13:50:11.693449695Z time=2025-08-03T13:50:11.693378151Z level=info msg="  --metrics-sampling-interval='5m'" subsys=cilium-operator-generic
2025-08-03T13:50:11.693453986Z time=2025-08-03T13:50:11.693383086Z level=info msg="  --monitor-aggregation='medium'" subsys=cilium-operator-generic
2025-08-03T13:50:11.693458285Z time=2025-08-03T13:50:11.693387815Z level=info msg="  --monitor-aggregation-flags='all'" subsys=cilium-operator-generic
2025-08-03T13:50:11.693462919Z time=2025-08-03T13:50:11.693392707Z level=info msg="  --monitor-aggregation-interval='5s'" subsys=cilium-operator-generic
2025-08-03T13:50:11.693467509Z time=2025-08-03T13:50:11.693397538Z level=info msg="  --nat-map-stats-entries='32'" subsys=cilium-operator-generic
2025-08-03T13:50:11.693471881Z time=2025-08-03T13:50:11.693402438Z level=info msg="  --nat-map-stats-interval='30s'" subsys=cilium-operator-generic
2025-08-03T13:50:11.693476511Z time=2025-08-03T13:50:11.693407127Z level=info msg="  --node-port-bind-protection='true'" subsys=cilium-operator-generic
2025-08-03T13:50:11.693481073Z time=2025-08-03T13:50:11.693413598Z level=info msg="  --nodeport-addresses=''" subsys=cilium-operator-generic
2025-08-03T13:50:11.693485587Z time=2025-08-03T13:50:11.693418526Z level=info msg="  --nodes-gc-interval='5m0s'" subsys=cilium-operator-generic
2025-08-03T13:50:11.693495626Z time=2025-08-03T13:50:11.693423972Z level=info msg="  --operator-api-serve-addr='127.0.0.1:9234'" subsys=cilium-operator-generic
2025-08-03T13:50:11.693501376Z time=2025-08-03T13:50:11.693431425Z level=info msg="  --operator-k8s-client-burst='200'" subsys=cilium-operator-generic
2025-08-03T13:50:11.693506199Z time=2025-08-03T13:50:11.693438098Z level=info msg="  --operator-k8s-client-qps='100'" subsys=cilium-operator-generic
2025-08-03T13:50:11.693510815Z time=2025-08-03T13:50:11.693447204Z level=info msg="  --operator-pprof='false'" subsys=cilium-operator-generic
2025-08-03T13:50:11.693515346Z time=2025-08-03T13:50:11.693452918Z level=info msg="  --operator-pprof-address='localhost'" subsys=cilium-operator-generic
2025-08-03T13:50:11.693519933Z time=2025-08-03T13:50:11.693464922Z level=info msg="  --operator-pprof-port='6061'" subsys=cilium-operator-generic
2025-08-03T13:50:11.693532113Z time=2025-08-03T13:50:11.693470766Z level=info msg="  --operator-prometheus-serve-addr=':9963'" subsys=cilium-operator-generic
2025-08-03T13:50:11.693537229Z time=2025-08-03T13:50:11.693476731Z level=info msg="  --parallel-alloc-workers='50'" subsys=cilium-operator-generic
2025-08-03T13:50:11.693541509Z time=2025-08-03T13:50:11.693482416Z level=info msg="  --pod-restart-selector='k8s-app=kube-dns'" subsys=cilium-operator-generic
2025-08-03T13:50:11.693551896Z time=2025-08-03T13:50:11.693489044Z level=info msg="  --policy-cidr-match-mode=''" subsys=cilium-operator-generic
2025-08-03T13:50:11.693557833Z time=2025-08-03T13:50:11.693494347Z level=info msg="  --policy-default-local-cluster='false'" subsys=cilium-operator-generic
2025-08-03T13:50:11.693562421Z time=2025-08-03T13:50:11.693501742Z level=info msg="  --policy-secrets-namespace='cilium-secrets'" subsys=cilium-operator-generic
2025-08-03T13:50:11.693566795Z time=2025-08-03T13:50:11.693506964Z level=info msg="  --policy-secrets-only-from-secrets-namespace='true'" subsys=cilium-operator-generic
2025-08-03T13:50:11.693571244Z time=2025-08-03T13:50:11.693512107Z level=info msg="  --preallocate-bpf-maps='false'" subsys=cilium-operator-generic
2025-08-03T13:50:11.693575795Z time=2025-08-03T13:50:11.693516813Z level=info msg="  --procfs='/host/proc'" subsys=cilium-operator-generic
2025-08-03T13:50:11.693580064Z time=2025-08-03T13:50:11.693521444Z level=info msg="  --proxy-connect-timeout='2'" subsys=cilium-operator-generic
2025-08-03T13:50:11.693584341Z time=2025-08-03T13:50:11.693526973Z level=info msg="  --proxy-idle-timeout-seconds='60'" subsys=cilium-operator-generic
2025-08-03T13:50:11.693588814Z time=2025-08-03T13:50:11.693531813Z level=info msg="  --proxy-initial-fetch-timeout='30'" subsys=cilium-operator-generic
2025-08-03T13:50:11.693593184Z time=2025-08-03T13:50:11.693536726Z level=info msg="  --proxy-max-concurrent-retries='128'" subsys=cilium-operator-generic
2025-08-03T13:50:11.693597655Z time=2025-08-03T13:50:11.693541531Z level=info msg="  --proxy-max-connection-duration-seconds='0'" subsys=cilium-operator-generic
2025-08-03T13:50:11.693607675Z time=2025-08-03T13:50:11.693546393Z level=info msg="  --proxy-max-requests-per-connection='0'" subsys=cilium-operator-generic
2025-08-03T13:50:11.693613558Z time=2025-08-03T13:50:11.693551638Z level=info msg="  --proxy-xff-num-trusted-hops-egress='0'" subsys=cilium-operator-generic
2025-08-03T13:50:11.693617871Z time=2025-08-03T13:50:11.693557605Z level=info msg="  --proxy-xff-num-trusted-hops-ingress='0'" subsys=cilium-operator-generic
2025-08-03T13:50:11.693622281Z time=2025-08-03T13:50:11.693563031Z level=info msg="  --remove-cilium-node-taints='true'" subsys=cilium-operator-generic
2025-08-03T13:50:11.693626624Z time=2025-08-03T13:50:11.693567839Z level=info msg="  --routing-mode='tunnel'" subsys=cilium-operator-generic
2025-08-03T13:50:11.693631002Z time=2025-08-03T13:50:11.693572745Z level=info msg="  --service-no-backend-response='reject'" subsys=cilium-operator-generic
2025-08-03T13:50:11.693635287Z time=2025-08-03T13:50:11.693577659Z level=info msg="  --set-cilium-is-up-condition='true'" subsys=cilium-operator-generic
2025-08-03T13:50:11.693639687Z time=2025-08-03T13:50:11.693583753Z level=info msg="  --set-cilium-node-taints='true'" subsys=cilium-operator-generic
2025-08-03T13:50:11.693643954Z time=2025-08-03T13:50:11.693589556Z level=info msg="  --skip-crd-creation='false'" subsys=cilium-operator-generic
2025-08-03T13:50:11.693760279Z time=2025-08-03T13:50:11.693615371Z level=info msg="  --subnet-ids-filter=''" subsys=cilium-operator-generic
2025-08-03T13:50:11.693778496Z time=2025-08-03T13:50:11.693643634Z level=info msg="  --subnet-tags-filter=''" subsys=cilium-operator-generic
2025-08-03T13:50:11.693783394Z time=2025-08-03T13:50:11.693659115Z level=info msg="  --synchronize-k8s-nodes='true'" subsys=cilium-operator-generic
2025-08-03T13:50:11.693800376Z time=2025-08-03T13:50:11.693670871Z level=info msg="  --synchronize-k8s-services='true'" subsys=cilium-operator-generic
2025-08-03T13:50:11.693824054Z time=2025-08-03T13:50:11.693685518Z level=info msg="  --taint-sync-workers='10'" subsys=cilium-operator-generic
2025-08-03T13:50:11.693831188Z time=2025-08-03T13:50:11.693702336Z level=info msg="  --tofqdns-dns-reject-response-code='refused'" subsys=cilium-operator-generic
2025-08-03T13:50:11.693835203Z time=2025-08-03T13:50:11.693713498Z level=info msg="  --tofqdns-enable-dns-compression='true'" subsys=cilium-operator-generic
2025-08-03T13:50:11.693840068Z time=2025-08-03T13:50:11.693723327Z level=info msg="  --tofqdns-endpoint-max-ip-per-hostname='1000'" subsys=cilium-operator-generic
2025-08-03T13:50:11.693844427Z time=2025-08-03T13:50:11.693756022Z level=info msg="  --tofqdns-idle-connection-grace-period='0s'" subsys=cilium-operator-generic
2025-08-03T13:50:11.693848891Z time=2025-08-03T13:50:11.693765482Z level=info msg="  --tofqdns-max-deferred-connection-deletes='10000'" subsys=cilium-operator-generic
2025-08-03T13:50:11.693853165Z time=2025-08-03T13:50:11.693770624Z level=info msg="  --tofqdns-preallocate-identities='true'" subsys=cilium-operator-generic
2025-08-03T13:50:11.693873359Z time=2025-08-03T13:50:11.693775864Z level=info msg="  --tofqdns-proxy-response-max-delay='100ms'" subsys=cilium-operator-generic
2025-08-03T13:50:11.694045605Z time=2025-08-03T13:50:11.693855263Z level=info msg="  --tunnel-protocol='vxlan'" subsys=cilium-operator-generic
2025-08-03T13:50:11.694065850Z time=2025-08-03T13:50:11.693888679Z level=info msg="  --tunnel-source-port-range='0-0'" subsys=cilium-operator-generic
2025-08-03T13:50:11.694099639Z time=2025-08-03T13:50:11.693901125Z level=info msg="  --unmanaged-pod-watcher-interval='15'" subsys=cilium-operator-generic
2025-08-03T13:50:11.694106013Z time=2025-08-03T13:50:11.693943408Z level=info msg="  --validate-network-policy='true'" subsys=cilium-operator-generic
2025-08-03T13:50:11.694110792Z time=2025-08-03T13:50:11.693957791Z level=info msg="  --version='false'" subsys=cilium-operator-generic
2025-08-03T13:50:11.694127799Z time=2025-08-03T13:50:11.693970133Z level=info msg="  --vtep-cidr=''" subsys=cilium-operator-generic
2025-08-03T13:50:11.694134299Z time=2025-08-03T13:50:11.694042516Z level=info msg="  --vtep-endpoint=''" subsys=cilium-operator-generic
2025-08-03T13:50:11.694139228Z time=2025-08-03T13:50:11.694083545Z level=info msg="  --vtep-mac=''" subsys=cilium-operator-generic
2025-08-03T13:50:11.694143246Z time=2025-08-03T13:50:11.694097259Z level=info msg="  --vtep-mask=''" subsys=cilium-operator-generic
2025-08-03T13:50:11.694150126Z time=2025-08-03T13:50:11.694105016Z level=info msg="  --write-cni-conf-when-ready='/host/etc/cni/net.d/05-cilium.conflist'" subsys=cilium-operator-generic
2025-08-03T13:50:11.694162567Z time=2025-08-03T13:50:11.694113656Z level=info msg="Cilium Operator" subsys=cilium-operator-generic version="1.18.0 274205f0 2025-07-28T15:22:50+02:00 go version go1.24.5 linux/amd64"
2025-08-03T13:50:11.756272419Z time=2025-08-03T13:50:11.755996595Z level=info msg="Setting up Secret synchronization" module=operator.operator-controlplane.leader-lifecycle.secret-sync registrations="[*v2.CiliumNetworkPolicy -> \"cilium-secrets\" *v2.CiliumClusterwideNetworkPolicy -> \"cilium-secrets\"]"
2025-08-03T13:50:11.759654658Z time=2025-08-03T13:50:11.759447303Z level=info msg="Registering CNP / CCNP validator" module=operator.operator-controlplane.leader-lifecycle.network-policy-validator
2025-08-03T13:50:11.761266547Z time=2025-08-03T13:50:11.761046284Z level=info msg="Starting hive"
2025-08-03T13:50:11.761288002Z time=2025-08-03T13:50:11.761123878Z level=info msg="Started gops server" module=operator.operator-infra.gops address=127.0.0.1:9891
2025-08-03T13:50:11.762262317Z time=2025-08-03T13:50:11.762057971Z level=info msg="Establishing connection to apiserver" module=operator.operator-infra.operator-k8s-client-builder.k8s-client-builder ipAddr=https://10.96.0.1:443
2025-08-03T13:50:11.762281106Z time=2025-08-03T13:50:11.762091245Z level=info msg="Starting metrics server" module=operator.operator-infra.operator-metrics address=:9963
2025-08-03T13:50:11.765630410Z time=2025-08-03T13:50:11.765413173Z level=info msg="Connected to apiserver" module=operator.operator-infra.operator-k8s-client-builder.k8s-client-builder
2025-08-03T13:50:11.778173315Z time=2025-08-03T13:50:11.777853113Z level=warn msg="Unable to discover API groups and resources" module=operator.operator-infra.operator-k8s-client-builder.k8s-client-builder error="unable to retrieve the complete list of server APIs: metrics.k8s.io/v1beta1: stale GroupVersion discovery: metrics.k8s.io/v1beta1"
2025-08-03T13:50:11.800937376Z time=2025-08-03T13:50:11.800735764Z level=info msg="Establishing connection to apiserver" module=operator.operator-infra.operator-k8s-client-builder.k8s-client-builder ipAddr=https://10.96.0.1:443
2025-08-03T13:50:11.811252682Z time=2025-08-03T13:50:11.810949024Z level=info msg="Connected to apiserver" module=operator.operator-infra.operator-k8s-client-builder.k8s-client-builder
2025-08-03T13:50:11.822699681Z time=2025-08-03T13:50:11.822416763Z level=warn msg="Unable to discover API groups and resources" module=operator.operator-infra.operator-k8s-client-builder.k8s-client-builder error="unable to retrieve the complete list of server APIs: metrics.k8s.io/v1beta1: stale GroupVersion discovery: metrics.k8s.io/v1beta1"
2025-08-03T13:50:11.825140729Z time=2025-08-03T13:50:11.824935436Z level=info msg="Started hive" duration=63.847309ms
2025-08-03T13:50:11.825627965Z time=2025-08-03T13:50:11.825430327Z level=info msg="Waiting for leader election" module=operator
2025-08-03T13:50:11.825644258Z time=2025-08-03T13:50:11.825500931Z level=info msg="attempting to acquire leader lease kube-system/cilium-operator-resource-lock..." subsys=klog
2025-08-03T13:50:11.836201958Z time=2025-08-03T13:50:11.835915647Z level=info msg="Leader re-election complete" module=operator newLeader=k8s-master-n1-7kt6lnpcgs operatorID=k8s-master-n1-7kt6lnpcgs
