2025-08-03T14:08:59.592834203Z [2025-08-03 14:08:59.587][6][info][main] [external/envoy/source/server/server.cc:436] initializing epoch 0 (base id=0, hot restart version=11.104)
2025-08-03T14:08:59.592881123Z [2025-08-03 14:08:59.587][6][info][main] [external/envoy/source/server/server.cc:438] statically linked extensions:
2025-08-03T14:08:59.592891266Z [2025-08-03 14:08:59.587][6][info][main] [external/envoy/source/server/server.cc:440]   envoy.filters.udp.session: envoy.filters.udp.session.dynamic_forward_proxy, envoy.filters.udp.session.http_capsule
2025-08-03T14:08:59.592899429Z [2025-08-03 14:08:59.587][6][info][main] [external/envoy/source/server/server.cc:440]   envoy.tls.cert_validator: envoy.tls.cert_validator.default
2025-08-03T14:08:59.592904575Z [2025-08-03 14:08:59.587][6][info][main] [external/envoy/source/server/server.cc:440]   envoy.upstream.local_address_selector: envoy.upstream.local_address_selector.default_local_address_selector
2025-08-03T14:08:59.592910463Z [2025-08-03 14:08:59.587][6][info][main] [external/envoy/source/server/server.cc:440]   envoy.transport_sockets.downstream: cilium.tls_wrapper, envoy.transport_sockets.quic, envoy.transport_sockets.raw_buffer, envoy.transport_sockets.tls, raw_buffer, tls
2025-08-03T14:08:59.592915220Z [2025-08-03 14:08:59.587][6][info][main] [external/envoy/source/server/server.cc:440]   envoy.http.header_validators: envoy.http.header_validators.envoy_default
2025-08-03T14:08:59.592921525Z [2025-08-03 14:08:59.587][6][info][main] [external/envoy/source/server/server.cc:440]   envoy.resource_monitors: envoy.resource_monitors.global_downstream_max_connections
2025-08-03T14:08:59.592926930Z [2025-08-03 14:08:59.587][6][info][main] [external/envoy/source/server/server.cc:440]   envoy.rbac.principals: envoy.rbac.principals.mtls_authenticated
2025-08-03T14:08:59.592931785Z [2025-08-03 14:08:59.587][6][info][main] [external/envoy/source/server/server.cc:440]   envoy.quic.proof_source: envoy.quic.proof_source.filter_chain
2025-08-03T14:08:59.592938468Z [2025-08-03 14:08:59.587][6][info][main] [external/envoy/source/server/server.cc:440]   filter_state.object: envoy.network.application_protocols, envoy.network.transport_socket.original_dst_address, envoy.network.upstream_server_name, envoy.network.upstream_subject_alt_names, envoy.ratelimit.hits_addend, envoy.string, envoy.tcp_proxy.cluster, envoy.tcp_proxy.disable_tunneling, envoy.tcp_proxy.per_connection_idle_timeout_ms, envoy.upstream.dynamic_host, envoy.upstream.dynamic_port
2025-08-03T14:08:59.592946748Z [2025-08-03 14:08:59.587][6][info][main] [external/envoy/source/server/server.cc:440]   envoy.health_check.event_sinks: cilium.health_check.event_sink.pipe, envoy.health_check.event_sink.file
2025-08-03T14:08:59.592952439Z [2025-08-03 14:08:59.587][6][info][main] [external/envoy/source/server/server.cc:440]   envoy.matching.input_matchers: envoy.matching.matchers.cel_matcher
2025-08-03T14:08:59.592958060Z [2025-08-03 14:08:59.587][6][info][main] [external/envoy/source/server/server.cc:440]   envoy.guarddog_actions: envoy.watchdog.abort_action
2025-08-03T14:08:59.592963135Z [2025-08-03 14:08:59.587][6][info][main] [external/envoy/source/server/server.cc:440]   envoy.quic.connection_id_generator: envoy.quic.deterministic_connection_id_generator
2025-08-03T14:08:59.592968128Z [2025-08-03 14:08:59.587][6][info][main] [external/envoy/source/server/server.cc:440]   envoy.listener_manager_impl: envoy.listener_manager_impl.default, envoy.listener_manager_impl.validation
2025-08-03T14:08:59.593019997Z [2025-08-03 14:08:59.587][6][info][main] [external/envoy/source/server/server.cc:440]   envoy.path.match: envoy.path.match.uri_template.uri_template_matcher
2025-08-03T14:08:59.593031403Z [2025-08-03 14:08:59.587][6][info][main] [external/envoy/source/server/server.cc:440]   envoy.rate_limit_descriptors: envoy.rate_limit_descriptors.expr
2025-08-03T14:08:59.593037303Z [2025-08-03 14:08:59.587][6][info][main] [external/envoy/source/server/server.cc:440]   envoy.rds_factory: envoy.rds_factory.default
2025-08-03T14:08:59.593053508Z [2025-08-03 14:08:59.587][6][info][main] [external/envoy/source/server/server.cc:440]   envoy.access_loggers.extension_filters: envoy.access_loggers.extension_filters.cel
2025-08-03T14:08:59.593059394Z [2025-08-03 14:08:59.587][6][info][main] [external/envoy/source/server/server.cc:440]   envoy.path.rewrite: envoy.path.rewrite.uri_template.uri_template_rewriter
2025-08-03T14:08:59.593064403Z [2025-08-03 14:08:59.587][6][info][main] [external/envoy/source/server/server.cc:440]   envoy.quic.server.crypto_stream: envoy.quic.crypto_stream.server.quiche
2025-08-03T14:08:59.593078504Z [2025-08-03 14:08:59.587][6][info][main] [external/envoy/source/server/server.cc:440]   envoy.bootstrap: envoy.bootstrap.internal_listener, envoy.bootstrap.wasm, envoy.extensions.network.socket_interface.default_socket_interface
2025-08-03T14:08:59.593085123Z [2025-08-03 14:08:59.587][6][info][main] [external/envoy/source/server/server.cc:440]   envoy.http.original_ip_detection: envoy.http.original_ip_detection.xff
2025-08-03T14:08:59.593090504Z [2025-08-03 14:08:59.587][6][info][main] [external/envoy/source/server/server.cc:440]   envoy.built_in_formatters: envoy.built_in_formatters.http.default, envoy.built_in_formatters.stream_info.default
2025-08-03T14:08:59.593096106Z [2025-08-03 14:08:59.587][6][info][main] [external/envoy/source/server/server.cc:440]   envoy.resolvers: envoy.ip
2025-08-03T14:08:59.593102394Z [2025-08-03 14:08:59.587][6][info][main] [external/envoy/source/server/server.cc:440]   envoy.config_mux: envoy.config_mux.delta_grpc_mux_factory, envoy.config_mux.grpc_mux_factory, envoy.config_mux.new_grpc_mux_factory, envoy.config_mux.sotw_grpc_mux_factory
2025-08-03T14:08:59.593109631Z [2025-08-03 14:08:59.587][6][info][main] [external/envoy/source/server/server.cc:440]   envoy.access_loggers: envoy.access_loggers.file, envoy.access_loggers.fluentd, envoy.access_loggers.http_grpc, envoy.access_loggers.open_telemetry, envoy.access_loggers.stderr, envoy.access_loggers.stdout, envoy.access_loggers.tcp_grpc, envoy.access_loggers.wasm, envoy.file_access_log, envoy.fluentd_access_log, envoy.http_grpc_access_log, envoy.open_telemetry_access_log, envoy.stderr_access_log, envoy.stdout_access_log, envoy.tcp_grpc_access_log, envoy.wasm_access_log
2025-08-03T14:08:59.593115698Z [2025-08-03 14:08:59.587][6][info][main] [external/envoy/source/server/server.cc:440]   envoy.clusters: envoy.cluster.dns, envoy.cluster.eds, envoy.cluster.logical_dns, envoy.cluster.original_dst, envoy.cluster.static, envoy.cluster.strict_dns, envoy.clusters.dynamic_forward_proxy
2025-08-03T14:08:59.593120954Z [2025-08-03 14:08:59.587][6][info][main] [external/envoy/source/server/server.cc:440]   envoy.ssl.server_context_factory: envoy.ssl.server_context_factory.default
2025-08-03T14:08:59.593128719Z [2025-08-03 14:08:59.587][6][info][main] [external/envoy/source/server/server.cc:440]   envoy.load_balancing_policies: envoy.load_balancing_policies.client_side_weighted_round_robin, envoy.load_balancing_policies.cluster_provided, envoy.load_balancing_policies.least_request, envoy.load_balancing_policies.maglev, envoy.load_balancing_policies.random, envoy.load_balancing_policies.ring_hash, envoy.load_balancing_policies.round_robin, envoy.load_balancing_policies.subset
2025-08-03T14:08:59.593134664Z [2025-08-03 14:08:59.587][6][info][main] [external/envoy/source/server/server.cc:440]   envoy.thrift_proxy.protocols: auto, binary, binary/non-strict, compact, twitter
2025-08-03T14:08:59.593139731Z [2025-08-03 14:08:59.587][6][info][main] [external/envoy/source/server/server.cc:440]   envoy.srds_factory: envoy.srds_factory.default
2025-08-03T14:08:59.593144649Z [2025-08-03 14:08:59.587][6][info][main] [external/envoy/source/server/server.cc:440]   envoy.connection_handler: envoy.connection_handler.default
2025-08-03T14:08:59.593157139Z [2025-08-03 14:08:59.587][6][info][main] [external/envoy/source/server/server.cc:440]   envoy.filters.http.upstream: cilium.l7policy, envoy.filters.http.match_delegate, envoy.filters.http.upstream_codec, envoy.filters.http.wasm
2025-08-03T14:08:59.593162797Z [2025-08-03 14:08:59.587][6][info][main] [external/envoy/source/server/server.cc:440]   network.connection.client: default, envoy_internal
2025-08-03T14:08:59.593169258Z [2025-08-03 14:08:59.587][6][info][main] [external/envoy/source/server/server.cc:440]   envoy.config_subscription: envoy.config_subscription.ads, envoy.config_subscription.ads_collection, envoy.config_subscription.aggregated_grpc_collection, envoy.config_subscription.delta_grpc, envoy.config_subscription.delta_grpc_collection, envoy.config_subscription.filesystem, envoy.config_subscription.filesystem_collection, envoy.config_subscription.grpc
2025-08-03T14:08:59.593174555Z [2025-08-03 14:08:59.587][6][info][main] [external/envoy/source/server/server.cc:440]   envoy.request_id: envoy.request_id.uuid
2025-08-03T14:08:59.593179412Z [2025-08-03 14:08:59.587][6][info][main] [external/envoy/source/server/server.cc:440]   envoy.health_checkers: envoy.health_checkers.grpc, envoy.health_checkers.http, envoy.health_checkers.redis, envoy.health_checkers.tcp, envoy.health_checkers.thrift
2025-08-03T14:08:59.593188826Z [2025-08-03 14:08:59.587][6][info][main] [external/envoy/source/server/server.cc:440]   envoy.generic_proxy.codecs: envoy.generic_proxy.codecs.dubbo, envoy.generic_proxy.codecs.http1
2025-08-03T14:08:59.593195066Z [2025-08-03 14:08:59.587][6][info][main] [external/envoy/source/server/server.cc:440]   envoy.matching.http.input: envoy.matching.inputs.cel_data_input, envoy.matching.inputs.destination_ip, envoy.matching.inputs.destination_port, envoy.matching.inputs.direct_source_ip, envoy.matching.inputs.dns_san, envoy.matching.inputs.filter_state, envoy.matching.inputs.request_headers, envoy.matching.inputs.request_trailers, envoy.matching.inputs.response_headers, envoy.matching.inputs.response_trailers, envoy.matching.inputs.server_name, envoy.matching.inputs.source_ip, envoy.matching.inputs.source_port, envoy.matching.inputs.source_type, envoy.matching.inputs.subject, envoy.matching.inputs.uri_san, query_params
2025-08-03T14:08:59.593200148Z [2025-08-03 14:08:59.587][6][info][main] [external/envoy/source/server/server.cc:440]   envoy.wasm.runtime: envoy.wasm.runtime.null, envoy.wasm.runtime.v8
2025-08-03T14:08:59.593205208Z [2025-08-03 14:08:59.587][6][info][main] [external/envoy/source/server/server.cc:440]   envoy.grpc_credentials: envoy.grpc_credentials.default
2025-08-03T14:08:59.593209597Z [2025-08-03 14:08:59.587][6][info][main] [external/envoy/source/server/server.cc:440]   envoy.stats_sinks: envoy.metrics_service, envoy.open_telemetry_stat_sink, envoy.stat_sinks.metrics_service, envoy.stat_sinks.open_telemetry, envoy.stat_sinks.wasm
2025-08-03T14:08:59.593214428Z [2025-08-03 14:08:59.587][6][info][main] [external/envoy/source/server/server.cc:440]   envoy.matching.action: rate_limit_quota
2025-08-03T14:08:59.593219278Z [2025-08-03 14:08:59.587][6][info][main] [external/envoy/source/server/server.cc:440]   envoy.route_config_update_requester: envoy.route_config_update_requester.default
2025-08-03T14:08:59.593224024Z [2025-08-03 14:08:59.587][6][info][main] [external/envoy/source/server/server.cc:440]   envoy.http.stateful_header_formatters: envoy.http.stateful_header_formatters.preserve_case, preserve_case
2025-08-03T14:08:59.593228834Z [2025-08-03 14:08:59.587][6][info][main] [external/envoy/source/server/server.cc:440]   envoy.filters.udp_listener: cilium.bpf_metadata, envoy.filters.udp_listener.udp_proxy
2025-08-03T14:08:59.593235180Z [2025-08-03 14:08:59.587][6][info][main] [external/envoy/source/server/server.cc:440]   envoy.filters.network: cilium.network, cilium.network.websocket.client, cilium.network.websocket.server, envoy.ext_authz, envoy.filters.network.connection_limit, envoy.filters.network.ext_authz, envoy.filters.network.http_connection_manager, envoy.filters.network.local_ratelimit, envoy.filters.network.mongo_proxy, envoy.filters.network.mysql_proxy, envoy.filters.network.ratelimit, envoy.filters.network.rbac, envoy.filters.network.redis_proxy, envoy.filters.network.set_filter_state, envoy.filters.network.sni_cluster, envoy.filters.network.sni_dynamic_forward_proxy, envoy.filters.network.tcp_proxy, envoy.filters.network.thrift_proxy, envoy.filters.network.wasm, envoy.http_connection_manager, envoy.mongo_proxy, envoy.ratelimit, envoy.redis_proxy, envoy.tcp_proxy
2025-08-03T14:08:59.593250364Z [2025-08-03 14:08:59.587][6][info][main] [external/envoy/source/server/server.cc:440]   envoy.network.dns_resolver: envoy.network.dns_resolver.cares
2025-08-03T14:08:59.593256480Z [2025-08-03 14:08:59.587][6][info][main] [external/envoy/source/server/server.cc:440]   envoy.thrift_proxy.filters: envoy.filters.thrift.router
2025-08-03T14:08:59.593261198Z [2025-08-03 14:08:59.587][6][info][main] [external/envoy/source/server/server.cc:440]   envoy.udp_packet_writer: envoy.udp_packet_writer.default, envoy.udp_packet_writer.gso
2025-08-03T14:08:59.593266295Z [2025-08-03 14:08:59.587][6][info][main] [external/envoy/source/server/server.cc:440]   envoy.regex_engines: envoy.regex_engines.google_re2
2025-08-03T14:08:59.593271103Z [2025-08-03 14:08:59.587][6][info][main] [external/envoy/source/server/server.cc:440]   envoy.thrift_proxy.transports: auto, framed, header, unframed
2025-08-03T14:08:59.593277289Z [2025-08-03 14:08:59.587][6][info][main] [external/envoy/source/server/server.cc:440]   envoy.transport_sockets.upstream: cilium.tls_wrapper, envoy.transport_sockets.internal_upstream, envoy.transport_sockets.quic, envoy.transport_sockets.raw_buffer, envoy.transport_sockets.tls, envoy.transport_sockets.upstream_proxy_protocol, raw_buffer, tls
2025-08-03T14:08:59.593294293Z [2025-08-03 14:08:59.587][6][info][main] [external/envoy/source/server/server.cc:440]   envoy.generic_proxy.filters: envoy.filters.generic.router
2025-08-03T14:08:59.593300775Z [2025-08-03 14:08:59.587][6][info][main] [external/envoy/source/server/server.cc:440]   envoy.rbac.matchers: envoy.rbac.matchers.upstream_ip_port
2025-08-03T14:08:59.593306848Z [2025-08-03 14:08:59.587][6][info][main] [external/envoy/source/server/server.cc:440]   envoy.upstream_options: envoy.extensions.upstreams.http.v3.HttpProtocolOptions, envoy.extensions.upstreams.tcp.v3.TcpProtocolOptions, envoy.upstreams.http.http_protocol_options, envoy.upstreams.tcp.tcp_protocol_options
2025-08-03T14:08:59.593312197Z [2025-08-03 14:08:59.587][6][info][main] [external/envoy/source/server/server.cc:440]   quic.http_server_connection: quic.http_server_connection.default
2025-08-03T14:08:59.593317354Z [2025-08-03 14:08:59.587][6][info][main] [external/envoy/source/server/server.cc:440]   envoy.filters.listener: cilium.bpf_metadata, envoy.filters.listener.http_inspector, envoy.filters.listener.local_ratelimit, envoy.filters.listener.proxy_protocol, envoy.filters.listener.tls_inspector, envoy.listener.http_inspector, envoy.listener.proxy_protocol, envoy.listener.tls_inspector
2025-08-03T14:08:59.593379080Z [2025-08-03 14:08:59.587][6][info][main] [external/envoy/source/server/server.cc:440]   envoy.upstreams: envoy.filters.connection_pools.tcp.generic
2025-08-03T14:08:59.593385363Z [2025-08-03 14:08:59.587][6][info][main] [external/envoy/source/server/server.cc:440]   envoy.matching.network.input: envoy.matching.inputs.destination_ip, envoy.matching.inputs.destination_port, envoy.matching.inputs.direct_source_ip, envoy.matching.inputs.dns_san, envoy.matching.inputs.filter_state, envoy.matching.inputs.server_name, envoy.matching.inputs.source_ip, envoy.matching.inputs.source_port, envoy.matching.inputs.source_type, envoy.matching.inputs.subject, envoy.matching.inputs.transport_protocol, envoy.matching.inputs.uri_san
2025-08-03T14:08:59.593399949Z [2025-08-03 14:08:59.587][6][info][main] [external/envoy/source/server/server.cc:440]   envoy.filters.http: cilium.l7policy, envoy.ext_authz, envoy.filters.http.basic_auth, envoy.filters.http.dynamic_forward_proxy, envoy.filters.http.ext_authz, envoy.filters.http.grpc_stats, envoy.filters.http.grpc_web, envoy.filters.http.health_check, envoy.filters.http.jwt_authn, envoy.filters.http.local_ratelimit, envoy.filters.http.match_delegate, envoy.filters.http.oauth2, envoy.filters.http.rate_limit_quota, envoy.filters.http.ratelimit, envoy.filters.http.rbac, envoy.filters.http.router, envoy.filters.http.set_filter_state, envoy.filters.http.set_metadata, envoy.filters.http.wasm, envoy.grpc_web, envoy.health_check, envoy.local_rate_limit, envoy.rate_limit, envoy.router
2025-08-03T14:08:59.593405840Z [2025-08-03 14:08:59.587][6][info][main] [external/envoy/source/server/server.cc:440]   envoy.http.early_header_mutation: envoy.http.early_header_mutation.header_mutation
2025-08-03T14:08:59.593410595Z [2025-08-03 14:08:59.587][6][info][main] [external/envoy/source/server/server.cc:440]   envoy.route.early_data_policy: envoy.route.early_data_policy.default
2025-08-03T14:08:59.594665113Z [2025-08-03 14:08:59.594][6][info][main] [external/envoy/source/server/server.cc:500] HTTP header map info:
2025-08-03T14:08:59.594680899Z [2025-08-03 14:08:59.594][6][info][main] [external/envoy/source/server/server.cc:503]   request header map: 592 bytes: :authority,:method,:path,:protocol,:scheme,accept,access-control-request-method,authorization,connection,content-length,content-type,expect,grpc-accept-encoding,grpc-timeout,keep-alive,origin,proxy-connection,proxy-status,referer,sec-websocket-extensions,sec-websocket-key,sec-websocket-protocol,sec-websocket-version,te,transfer-encoding,upgrade,user-agent,via,x-client-trace-id,x-envoy-attempt-count,x-envoy-decorator-operation,x-envoy-downstream-service-cluster,x-envoy-downstream-service-node,x-envoy-expected-rq-timeout-ms,x-envoy-external-address,x-envoy-force-trace,x-envoy-hedge-on-per-try-timeout,x-envoy-internal,x-envoy-ip-tags,x-envoy-is-timeout-retry,x-envoy-max-retries,x-envoy-original-dst-host,x-envoy-original-path,x-envoy-original-url,x-envoy-retriable-header-names,x-envoy-retriable-status-codes,x-envoy-retry-grpc-on,x-envoy-retry-on,x-envoy-upstream-alt-stat-name,x-envoy-upstream-rq-per-try-timeout-ms,x-envoy-upstream-rq-timeout-alt-response,x-envoy-upstream-rq-timeout-ms,x-envoy-upstream-stream-duration-ms,x-forwarded-client-cert,x-forwarded-for,x-forwarded-host,x-forwarded-port,x-forwarded-proto,x-request-id
2025-08-03T14:08:59.594685565Z [2025-08-03 14:08:59.594][6][info][main] [external/envoy/source/server/server.cc:503]   request trailer map: 120 bytes: 
2025-08-03T14:08:59.594689430Z [2025-08-03 14:08:59.594][6][info][main] [external/envoy/source/server/server.cc:503]   response header map: 328 bytes: :status,connection,content-length,content-type,date,grpc-message,grpc-status,keep-alive,location,proxy-connection,proxy-status,sec-websocket-accept,server,transfer-encoding,upgrade,via,x-envoy-attempt-count,x-envoy-decorator-operation,x-envoy-degraded,x-envoy-immediate-health-check-fail,x-envoy-ratelimited,x-envoy-upstream-canary,x-envoy-upstream-healthchecked-cluster,x-envoy-upstream-service-time,x-request-id
2025-08-03T14:08:59.594693505Z [2025-08-03 14:08:59.594][6][info][main] [external/envoy/source/server/server.cc:503]   response trailer map: 144 bytes: grpc-message,grpc-status
2025-08-03T14:08:59.604067756Z [2025-08-03 14:08:59.603][6][info][main] [external/envoy/source/server/server.cc:901] runtime: {}
2025-08-03T14:08:59.604110274Z [2025-08-03 14:08:59.603][6][info][main] [external/envoy/source/server/server.cc:734] Starting admin HTTP server at /var/run/cilium/envoy/sockets/admin.sock
2025-08-03T14:08:59.604302941Z [2025-08-03 14:08:59.604][6][info][admin] [external/envoy/source/server/admin/admin.cc:65] admin address: /var/run/cilium/envoy/sockets/admin.sock
2025-08-03T14:08:59.604470559Z [2025-08-03 14:08:59.604][6][info][config] [external/envoy/source/server/configuration_impl.cc:173] loading tracing configuration
2025-08-03T14:08:59.604481752Z [2025-08-03 14:08:59.604][6][info][config] [external/envoy/source/server/configuration_impl.cc:124] loading 0 static secret(s)
2025-08-03T14:08:59.604484673Z [2025-08-03 14:08:59.604][6][info][config] [external/envoy/source/server/configuration_impl.cc:130] loading 6 cluster(s)
2025-08-03T14:08:59.610737911Z [2025-08-03 14:08:59.610][6][info][config] [external/envoy/source/server/configuration_impl.cc:140] loading 2 listener(s)
2025-08-03T14:08:59.614627494Z [2025-08-03 14:08:59.614][6][info][config] [external/envoy/source/server/configuration_impl.cc:156] loading stats configuration
2025-08-03T14:08:59.615286123Z [2025-08-03 14:08:59.614][6][info][runtime] [external/envoy/source/common/runtime/runtime_impl.cc:555] RTDS has finished initialization
2025-08-03T14:08:59.615308985Z [2025-08-03 14:08:59.614][6][info][upstream] [external/envoy/source/common/upstream/cluster_manager_impl.cc:260] cm init: initializing cds
2025-08-03T14:08:59.645326648Z [2025-08-03 14:08:59.645][6][info][main] [external/envoy/source/server/server.cc:1012] starting main dispatch loop
2025-08-03T14:09:02.688875408Z [2025-08-03 14:09:02.688][6][info][upstream] [external/envoy/source/common/upstream/cds_api_helper.cc:34] cds: response indicates 0 added/updated cluster(s), 6 removed cluster(s); applying changes
2025-08-03T14:09:02.688905419Z [2025-08-03 14:09:02.688][6][info][upstream] [external/envoy/source/common/upstream/cds_api_helper.cc:87] cds: added/updated 0 cluster(s) (skipped 0 unmodified cluster(s)); removed 0 cluster(s)
2025-08-03T14:09:02.688911990Z [2025-08-03 14:09:02.688][6][info][upstream] [external/envoy/source/common/upstream/cluster_manager_impl.cc:264] cm init: all clusters initialized
2025-08-03T14:09:02.688916977Z [2025-08-03 14:09:02.688][6][info][main] [external/envoy/source/server/server.cc:992] all clusters initialized. initializing init manager
2025-08-03T14:09:02.690505186Z [2025-08-03 14:09:02.690][6][info][config] [external/envoy/source/common/listener_manager/listener_manager_impl.cc:948] all dependencies initialized. starting workers
2025-08-03T14:21:57.507971126Z [2025-08-03 14:21:57.507][6][warning][config] [external/envoy/source/extensions/config_subscription/grpc/grpc_stream.h:188] StreamListeners gRPC config stream to xds-grpc-cilium closed: 13, 
2025-08-03T14:21:57.508017473Z [2025-08-03 14:21:57.507][6][warning][config] [external/envoy/source/extensions/config_subscription/grpc/grpc_stream.h:188] StreamClusters gRPC config stream to xds-grpc-cilium closed: 13, 
2025-08-03T14:22:09.801645291Z [2025-08-03 14:22:09.801][6][info][upstream] [external/envoy/source/common/upstream/cds_api_helper.cc:34] cds: response indicates 0 added/updated cluster(s), 6 removed cluster(s); applying changes
2025-08-03T14:22:09.801680089Z [2025-08-03 14:22:09.801][6][info][upstream] [external/envoy/source/common/upstream/cds_api_helper.cc:87] cds: added/updated 0 cluster(s) (skipped 0 unmodified cluster(s)); removed 0 cluster(s)
2025-08-03T14:24:02.692477416Z [2025-08-03 14:24:02.692][6][info][main] [external/envoy/source/server/drain_manager_impl.cc:226] shutting down parent after drain
